Using pre-set license
Built from '2021.3/staging' branch; Version is '2021.3.39f1 (fb3b7b32f191) revision 16464763'; Using compiler version '192829333'; Build Type 'Release'
OS: 'Windows 10  (10.0.19044) 64bit EnterpriseS' Language: 'en' Physical Memory: 32437 MB
BatchMode: 1, IsHumanControllingUs: 0, StartBugReporterOnCrash: 0, Is64bit: 1, IsPro: 1

COMMAND LINE ARGUMENTS:
C:\Program Files\Unity\Hub\Editor\2021.3.39f1\Editor\Unity.exe
-adb2
-batchMode
-noUpm
-name
AssetImportWorker2
-projectPath
C:/Users/202100559/Downloads/BEYONDTHEWRECK environment/BEYONDTHEWRECK/BEYOND THE WRECK
-logFile
Logs/AssetImportWorker2.log
-srvPort
59986
Successfully changed project path to: C:/Users/202100559/Downloads/BEYONDTHEWRECK environment/BEYONDTHEWRECK/BEYOND THE WRECK
C:/Users/202100559/Downloads/BEYONDTHEWRECK environment/BEYONDTHEWRECK/BEYOND THE WRECK
[UnityMemory] Configuration Parameters - Can be set up in boot.config
    "memorysetup-bucket-allocator-granularity=16"
    "memorysetup-bucket-allocator-bucket-count=8"
    "memorysetup-bucket-allocator-block-size=33554432"
    "memorysetup-bucket-allocator-block-count=8"
    "memorysetup-main-allocator-block-size=16777216"
    "memorysetup-thread-allocator-block-size=16777216"
    "memorysetup-gfx-main-allocator-block-size=16777216"
    "memorysetup-gfx-thread-allocator-block-size=16777216"
    "memorysetup-cache-allocator-block-size=4194304"
    "memorysetup-typetree-allocator-block-size=2097152"
    "memorysetup-profiler-bucket-allocator-granularity=16"
    "memorysetup-profiler-bucket-allocator-bucket-count=8"
    "memorysetup-profiler-bucket-allocator-block-size=33554432"
    "memorysetup-profiler-bucket-allocator-block-count=8"
    "memorysetup-profiler-allocator-block-size=16777216"
    "memorysetup-profiler-editor-allocator-block-size=1048576"
    "memorysetup-temp-allocator-size-main=16777216"
    "memorysetup-job-temp-allocator-block-size=2097152"
    "memorysetup-job-temp-allocator-block-size-background=1048576"
    "memorysetup-job-temp-allocator-reduction-small-platforms=262144"
    "memorysetup-temp-allocator-size-background-worker=32768"
    "memorysetup-temp-allocator-size-job-worker=262144"
    "memorysetup-temp-allocator-size-preload-manager=33554432"
    "memorysetup-temp-allocator-size-nav-mesh-worker=65536"
    "memorysetup-temp-allocator-size-audio-worker=65536"
    "memorysetup-temp-allocator-size-cloud-worker=32768"
    "memorysetup-temp-allocator-size-gi-baking-worker=262144"
    "memorysetup-temp-allocator-size-gfx=262144"
Player connection [22572] Host "[IP] 10.212.1.30 [Port] 0 [Flags] 2 [Guid] 3772729144 [EditorId] 3772729144 [Version] 1048832 [Id] WindowsEditor(7,BP-19-315-19) [Debug] 1 [PackageName] WindowsEditor [ProjectName] Editor" joined multi-casting on [225.0.0.222:54997]...

Player connection [22572] Host "[IP] 10.212.1.30 [Port] 0 [Flags] 2 [Guid] 3772729144 [EditorId] 3772729144 [Version] 1048832 [Id] WindowsEditor(7,BP-19-315-19) [Debug] 1 [PackageName] WindowsEditor [ProjectName] Editor" joined alternative multi-casting on [225.0.0.222:34997]...

[Physics::Module] Initialized MultithreadedJobDispatcher with {0} workers.
Refreshing native plugins compatible for Editor in 101.97 ms, found 3 plugins.
Preloading 0 native plugins for Editor in 0.00 ms.
Initialize engine version: 2021.3.39f1 (fb3b7b32f191)
[Subsystems] Discovering subsystems at path C:/Program Files/Unity/Hub/Editor/2021.3.39f1/Editor/Data/Resources/UnitySubsystems
[Subsystems] Discovering subsystems at path C:/Users/202100559/Downloads/BEYONDTHEWRECK environment/BEYONDTHEWRECK/BEYOND THE WRECK/Assets
GfxDevice: creating device client; threaded=0; jobified=0
Direct3D:
    Version:  Direct3D 11.0 [level 11.1]
    Renderer: NVIDIA T400 4GB (ID=0x1ff2)
    Vendor:   NVIDIA
    VRAM:     3956 MB
    Driver:   31.0.15.3141
Initialize mono
Mono path[0] = 'C:/Program Files/Unity/Hub/Editor/2021.3.39f1/Editor/Data/Managed'
Mono path[1] = 'C:/Program Files/Unity/Hub/Editor/2021.3.39f1/Editor/Data/MonoBleedingEdge/lib/mono/unityjit-win32'
Mono config path = 'C:/Program Files/Unity/Hub/Editor/2021.3.39f1/Editor/Data/MonoBleedingEdge/etc'
Using monoOptions --debugger-agent=transport=dt_socket,embedding=1,server=y,suspend=n,address=127.0.0.1:56672
Begin MonoManager ReloadAssembly
Registering precompiled unity dll's ...
Register platform support module: C:/Program Files/Unity/Hub/Editor/2021.3.39f1/Editor/Data/PlaybackEngines/WindowsStandaloneSupport/UnityEditor.WindowsStandalone.Extensions.dll
Registered in 0.005189 seconds.
Native extension for WindowsStandalone target not found
Refreshing native plugins compatible for Editor in 91.34 ms, found 3 plugins.
Preloading 0 native plugins for Editor in 0.00 ms.
Mono: successfully reloaded assembly
- Completed reload, in  0.891 seconds
Domain Reload Profiling:
	ReloadAssembly (891ms)
		BeginReloadAssembly (101ms)
			ExecutionOrderSort (0ms)
			DisableScriptedObjects (0ms)
			BackupInstance (0ms)
			ReleaseScriptingObjects (0ms)
			CreateAndSetChildDomain (1ms)
		EndReloadAssembly (585ms)
			LoadAssemblies (99ms)
			RebuildTransferFunctionScriptingTraits (0ms)
			SetupTypeCache (212ms)
			ReleaseScriptCaches (0ms)
			RebuildScriptCaches (29ms)
			SetupLoadedEditorAssemblies (302ms)
				LogAssemblyErrors (0ms)
				InitializePlatformSupportModulesInManaged (8ms)
				SetLoadedEditorAssemblies (0ms)
				RefreshPlugins (91ms)
				BeforeProcessingInitializeOnLoad (1ms)
				ProcessInitializeOnLoadAttributes (143ms)
				ProcessInitializeOnLoadMethodAttributes (57ms)
				AfterProcessingInitializeOnLoad (0ms)
				EditorAssembliesLoaded (0ms)
			ExecutionOrderSort2 (0ms)
			AwakeInstancesAfterBackupRestoration (0ms)
Platform modules already initialized, skipping
Registering precompiled user dll's ...
Registered in 0.470220 seconds.
Begin MonoManager ReloadAssembly
Native extension for WindowsStandalone target not found
Refreshing native plugins compatible for Editor in 0.79 ms, found 3 plugins.
Preloading 0 native plugins for Editor in 0.00 ms.
Package Manager log level set to [2]
[Package Manager] Server::EnsureServerProcessIsRunning -- launch failed, reason: Unity was launched with the -noUpm command-line argument
[Package Manager] Cannot connect to Unity Package Manager local server
Mono: successfully reloaded assembly
- Completed reload, in  1.677 seconds
Domain Reload Profiling:
	ReloadAssembly (1678ms)
		BeginReloadAssembly (110ms)
			ExecutionOrderSort (0ms)
			DisableScriptedObjects (7ms)
			BackupInstance (0ms)
			ReleaseScriptingObjects (0ms)
			CreateAndSetChildDomain (17ms)
		EndReloadAssembly (1458ms)
			LoadAssemblies (311ms)
			RebuildTransferFunctionScriptingTraits (0ms)
			SetupTypeCache (320ms)
			ReleaseScriptCaches (0ms)
			RebuildScriptCaches (49ms)
			SetupLoadedEditorAssemblies (747ms)
				LogAssemblyErrors (0ms)
				InitializePlatformSupportModulesInManaged (5ms)
				SetLoadedEditorAssemblies (1ms)
				RefreshPlugins (1ms)
				BeforeProcessingInitializeOnLoad (82ms)
				ProcessInitializeOnLoadAttributes (627ms)
				ProcessInitializeOnLoadMethodAttributes (25ms)
				AfterProcessingInitializeOnLoad (6ms)
				EditorAssembliesLoaded (0ms)
			ExecutionOrderSort2 (0ms)
			AwakeInstancesAfterBackupRestoration (6ms)
Platform modules already initialized, skipping
========================================================================
Worker process is ready to serve import requests
Launched and connected shader compiler UnityShaderCompiler.exe after 0.04 seconds
Refreshing native plugins compatible for Editor in 0.68 ms, found 3 plugins.
Preloading 0 native plugins for Editor in 0.00 ms.
Unloading 3160 Unused Serialized files (Serialized files now loaded: 0)
Unloading 26 unused Assets / (52.9 KB). Loaded Objects now: 3661.
Memory consumption went from 156.0 MB to 156.0 MB.
Total: 3.099200 ms (FindLiveObjects: 0.380200 ms CreateObjectMapping: 0.116300 ms MarkObjects: 2.516600 ms  DeleteObjects: 0.085200 ms)

AssetImportParameters requested are different than current active one (requested -> active):
  custom:video-decoder-ogg-theora: a1e56fd34408186e4bbccfd4996cb3dc -> 
  custom:container-muxer-webm: aa71ff27fc2769a1b78a27578f13a17b -> 
  custom:container-demuxer-webm: 4f35f7cbe854078d1ac9338744f61a02 -> 
  custom:video-encoder-webm-vp8: eb34c28f22e8b96e1ab97ce403110664 -> 
  custom:CustomObjectIndexerAttribute: bc11b3a6c3213fcdd17b65e7da85e133 -> 
  custom:audio-encoder-webm-vorbis: bf7c407c2cedff20999df2af8eb42d56 -> 
  custom:framework-win-MediaFoundation: 216162199b28c13a410421893ffa2e32 -> 
  custom:SearchIndexIgnoredProperties: e643bd26f0fe6173181afceb89e7c659 -> 
  custom:container-demuxer-ogg: 62fdf1f143b41e24485cea50d1cbac27 -> 
  custom:video-decoder-webm-vp8: 9c59270c3fd7afecdb556c50c9e8de78 -> 
  custom:audio-decoder-ogg-vorbis: bf7c407c2cedff20999df2af8eb42d56 -> 
========================================================================
Received Import Request.
  Time since last request: 7933.849853 seconds.
  path: Assets/Polygon-Lite Survival Collection/Materials/Green_1.mat
  artifactKey: Guid(eec3351fdd5a6444f94eccbfdc754bcf) Importer(815301076,1909f56bfc062723c751e8b465ee728b)
Number of updated assets reloaded before import = 0
Start importing Assets/Polygon-Lite Survival Collection/Materials/Green_1.mat using Guid(eec3351fdd5a6444f94eccbfdc754bcf) Importer(815301076,1909f56bfc062723c751e8b465ee728b)  -> (artifact id: '999e08179672f3f8544845ad108468cc') in 0.158865 seconds 
Number of asset objects unloaded after import = 1
========================================================================
Received Import Request.
  Time since last request: 1.319489 seconds.
  path: Assets/Polygon-Lite Survival Collection/Materials/MainMaterialFree.mat
  artifactKey: Guid(e47e8f0bb92aaff4c93eedb0398a1c96) Importer(815301076,1909f56bfc062723c751e8b465ee728b)
Number of updated assets reloaded before import = 0
Start importing Assets/Polygon-Lite Survival Collection/Materials/MainMaterialFree.mat using Guid(e47e8f0bb92aaff4c93eedb0398a1c96) Importer(815301076,1909f56bfc062723c751e8b465ee728b)  -> (artifact id: 'c33c662d0a9a1f95987d34cae79082c9') in 0.170517 seconds 
Number of asset objects unloaded after import = 2
========================================================================
Received Import Request.
  Time since last request: 32.387758 seconds.
  path: Assets/Polygon-Lite Survival Collection/Demo_Day_Profiles/Night.asset
  artifactKey: Guid(034fbd6618bdcda4283a53d379eb26dd) Importer(815301076,1909f56bfc062723c751e8b465ee728b)
Number of updated assets reloaded before import = 0
Start importing Assets/Polygon-Lite Survival Collection/Demo_Day_Profiles/Night.asset using Guid(034fbd6618bdcda4283a53d379eb26dd) Importer(815301076,1909f56bfc062723c751e8b465ee728b)  -> (artifact id: '098c3aa24ab1520e7c9decc188514d6a') in 0.010894 seconds 
Number of asset objects unloaded after import = 1
========================================================================
Received Import Request.
  Time since last request: 14.783086 seconds.
  path: Assets/Polygon-Lite Survival Collection/Textures/Polygon_Texture.png
  artifactKey: Guid(da3cc78bab11e764ab7a3ae73c6799d1) Importer(815301076,1909f56bfc062723c751e8b465ee728b)
Number of updated assets reloaded before import = 0
Start importing Assets/Polygon-Lite Survival Collection/Textures/Polygon_Texture.png using Guid(da3cc78bab11e764ab7a3ae73c6799d1) Importer(815301076,1909f56bfc062723c751e8b465ee728b)  -> (artifact id: '3ebe1dabc0318c48d4afc64c401121b0') in 0.059353 seconds 
Number of asset objects unloaded after import = 2
========================================================================
Received Import Request.
  Time since last request: 20.060501 seconds.
  path: Assets/Polygon-Lite Survival Collection/Scenes/Demonstration/LightingData.asset
  artifactKey: Guid(d7a773712fff9fa4abeadb373cedd1e4) Importer(815301076,1909f56bfc062723c751e8b465ee728b)
Number of updated assets reloaded before import = 0
Start importing Assets/Polygon-Lite Survival Collection/Scenes/Demonstration/LightingData.asset using Guid(d7a773712fff9fa4abeadb373cedd1e4) Importer(815301076,1909f56bfc062723c751e8b465ee728b)  -> (artifact id: '1c9dd2a42c015f5191e90b1f7e163804') in 0.020800 seconds 
Number of asset objects unloaded after import = 2
========================================================================
Received Import Request.
  Time since last request: 401.081566 seconds.
  path: Assets/SwampHouse/Models/Radio/Headphone/Headphone.fbx
  artifactKey: Guid(f0e7998f077f28044a626b5c6e6163ec) Importer(815301076,1909f56bfc062723c751e8b465ee728b)
Number of updated assets reloaded before import = 0
Start importing Assets/SwampHouse/Models/Radio/Headphone/Headphone.fbx using Guid(f0e7998f077f28044a626b5c6e6163ec) Importer(815301076,1909f56bfc062723c751e8b465ee728b)  -> (artifact id: 'd534c62f8ab8c40f0cc911a31b647a62') in 0.077608 seconds 
Number of asset objects unloaded after import = 18
========================================================================
Received Import Request.
  Time since last request: 0.317673 seconds.
  path: Assets/SwampHouse/Models/Radio/Headphone/Headphone/Leather.tif
  artifactKey: Guid(6c75db71ec7876a47a2cad5fb007600f) Importer(815301076,1909f56bfc062723c751e8b465ee728b)
Number of updated assets reloaded before import = 0
Start importing Assets/SwampHouse/Models/Radio/Headphone/Headphone/Leather.tif using Guid(6c75db71ec7876a47a2cad5fb007600f) Importer(815301076,1909f56bfc062723c751e8b465ee728b)  -> (artifact id: 'f06903e91f4924e8f183a892d2ed5250') in 0.080487 seconds 
Number of asset objects unloaded after import = 2
========================================================================
Received Import Request.
  Time since last request: 0.000023 seconds.
  path: Assets/SwampHouse/Models/Radio/Headphone/Headphone/Sponge.tif
  artifactKey: Guid(7dfeec3f9ff33f948be1e3a2657c1866) Importer(815301076,1909f56bfc062723c751e8b465ee728b)
Number of updated assets reloaded before import = 0
Start importing Assets/SwampHouse/Models/Radio/Headphone/Headphone/Sponge.tif using Guid(7dfeec3f9ff33f948be1e3a2657c1866) Importer(815301076,1909f56bfc062723c751e8b465ee728b)  -> (artifact id: 'd35406a12f2409dc751bcd4b2c0682ac') in 0.028810 seconds 
Number of asset objects unloaded after import = 2
========================================================================
Received Import Request.
  Time since last request: 3.312525 seconds.
  path: Assets/SwampHouse/Models/Radio/Tex/_2.tif
  artifactKey: Guid(ff3b813dee1059241ab45dbd874a684f) Importer(815301076,1909f56bfc062723c751e8b465ee728b)
Number of updated assets reloaded before import = 0
Start importing Assets/SwampHouse/Models/Radio/Tex/_2.tif using Guid(ff3b813dee1059241ab45dbd874a684f) Importer(815301076,1909f56bfc062723c751e8b465ee728b)  -> (artifact id: 'f0291d4158631a0673b3c23b61462a23') in 0.057574 seconds 
Number of asset objects unloaded after import = 2
========================================================================
Received Import Request.
  Time since last request: 0.000024 seconds.
  path: Assets/SwampHouse/Models/Radio/Tex/Rubber.tif
  artifactKey: Guid(98c863ad85edf7a439c2248ed6496bdb) Importer(815301076,1909f56bfc062723c751e8b465ee728b)
Number of updated assets reloaded before import = 0
Start importing Assets/SwampHouse/Models/Radio/Tex/Rubber.tif using Guid(98c863ad85edf7a439c2248ed6496bdb) Importer(815301076,1909f56bfc062723c751e8b465ee728b)  -> (artifact id: '718b86ae54487a7edacfa8eec396fadd') in 0.044408 seconds 
Number of asset objects unloaded after import = 2
========================================================================
Received Import Request.
  Time since last request: 2.140658 seconds.
  path: Assets/SwampHouse/Models/Radio/Tex/Materials/Body.mat
  artifactKey: Guid(c0e21b40bfedd2d4bb3e3b0c5e276287) Importer(815301076,1909f56bfc062723c751e8b465ee728b)
Number of updated assets reloaded before import = 0
Start importing Assets/SwampHouse/Models/Radio/Tex/Materials/Body.mat using Guid(c0e21b40bfedd2d4bb3e3b0c5e276287) Importer(815301076,1909f56bfc062723c751e8b465ee728b)  -> (artifact id: '57499aff4a0a00804d527900e60c6855') in 0.020698 seconds 
Number of asset objects unloaded after import = 2
========================================================================
Received Import Request.
  Time since last request: 0.000023 seconds.
  path: Assets/SwampHouse/Models/Radio/Tex/Materials/On.mat
  artifactKey: Guid(6b4f3a3d370c2a4408f38a595df04197) Importer(815301076,1909f56bfc062723c751e8b465ee728b)
Number of updated assets reloaded before import = 0
Start importing Assets/SwampHouse/Models/Radio/Tex/Materials/On.mat using Guid(6b4f3a3d370c2a4408f38a595df04197) Importer(815301076,1909f56bfc062723c751e8b465ee728b)  -> (artifact id: '7a7cd75b096e7026fe94d93bb269e4a4') in 0.036264 seconds 
Number of asset objects unloaded after import = 2
========================================================================
Received Import Request.
  Time since last request: 224.835215 seconds.
  path: Assets/SwampHouse/Models
  artifactKey: Guid(a64b5987902a8d149bc6fcbccebbe964) Importer(815301076,1909f56bfc062723c751e8b465ee728b)
Number of updated assets reloaded before import = 0
Start importing Assets/SwampHouse/Models using Guid(a64b5987902a8d149bc6fcbccebbe964) Importer(815301076,1909f56bfc062723c751e8b465ee728b)  -> (artifact id: 'b247f1361a78d7d65940c18f0fe63a6c') in 0.009894 seconds 
Number of asset objects unloaded after import = 0
========================================================================
Received Import Request.
  Time since last request: 2.876550 seconds.
  path: Assets/SwampHouse/Models/House
  artifactKey: Guid(f11b34a02295fe645be72694a6037a7b) Importer(815301076,1909f56bfc062723c751e8b465ee728b)
Number of updated assets reloaded before import = 0
Start importing Assets/SwampHouse/Models/House using Guid(f11b34a02295fe645be72694a6037a7b) Importer(815301076,1909f56bfc062723c751e8b465ee728b)  -> (artifact id: '80bc83110178e013e722d5c165e2a075') in 0.015035 seconds 
Number of asset objects unloaded after import = 0
========================================================================
Received Import Request.
  Time since last request: 0.044600 seconds.
  path: Assets/SwampHouse/Models/House/swamphouse 2.fbx
  artifactKey: Guid(22f4c99a3ca59f14a9c34501b9752391) Importer(815301076,1909f56bfc062723c751e8b465ee728b)
Number of updated assets reloaded before import = 0
Start importing Assets/SwampHouse/Models/House/swamphouse 2.fbx using Guid(22f4c99a3ca59f14a9c34501b9752391) Importer(815301076,1909f56bfc062723c751e8b465ee728b)  -> (artifact id: 'ed71904c08b2f8820097b48823fa57c9') in 0.279794 seconds 
Number of asset objects unloaded after import = 37
========================================================================
Received Import Request.
  Time since last request: 222.760393 seconds.
  path: Assets/SwampHouse/Models/House/Mets
  artifactKey: Guid(38b9de065ffcc9a40a47681e87df6a7f) Importer(815301076,1909f56bfc062723c751e8b465ee728b)
Number of updated assets reloaded before import = 0
Start importing Assets/SwampHouse/Models/House/Mets using Guid(38b9de065ffcc9a40a47681e87df6a7f) Importer(815301076,1909f56bfc062723c751e8b465ee728b)  -> (artifact id: '451062c3c28df819ca20c2c61694880d') in 0.014632 seconds 
Number of asset objects unloaded after import = 0
========================================================================
Received Import Request.
  Time since last request: 0.063173 seconds.
  path: Assets/SwampHouse/Models/House/Mets/Bricks.mat
  artifactKey: Guid(56150a2091eb60f4480f94c1d15b2a6b) Importer(815301076,1909f56bfc062723c751e8b465ee728b)
Number of updated assets reloaded before import = 0
Start importing Assets/SwampHouse/Models/House/Mets/Bricks.mat using Guid(56150a2091eb60f4480f94c1d15b2a6b) Importer(815301076,1909f56bfc062723c751e8b465ee728b)  -> (artifact id: '7ce53bfb4c029cc66c20574640e86ef8') in 0.327719 seconds 
Number of asset objects unloaded after import = 4
========================================================================
Received Import Request.
  Time since last request: 0.000021 seconds.
  path: Assets/SwampHouse/Models/House/Mets/Switch.mat
  artifactKey: Guid(81af3989b28f1c74487e89c25a11378e) Importer(815301076,1909f56bfc062723c751e8b465ee728b)
Number of updated assets reloaded before import = 0
Start importing Assets/SwampHouse/Models/House/Mets/Switch.mat using Guid(81af3989b28f1c74487e89c25a11378e) Importer(815301076,1909f56bfc062723c751e8b465ee728b)  -> (artifact id: '35b709d3a80fe5801dc32632b45289b2') in 0.036149 seconds 
Number of asset objects unloaded after import = 2
========================================================================
Received Import Request.
  Time since last request: 0.000036 seconds.
  path: Assets/SwampHouse/Models/House/Mets/Button.mat
  artifactKey: Guid(67f32a368730a484d89cfc44a6359fe8) Importer(815301076,1909f56bfc062723c751e8b465ee728b)
Number of updated assets reloaded before import = 0
Start importing Assets/SwampHouse/Models/House/Mets/Button.mat using Guid(67f32a368730a484d89cfc44a6359fe8) Importer(815301076,1909f56bfc062723c751e8b465ee728b)  -> (artifact id: 'da3e3aabc692519a04af997da933836b') in 0.040073 seconds 
Number of asset objects unloaded after import = 2
========================================================================
Received Import Request.
  Time since last request: 0.000019 seconds.
  path: Assets/SwampHouse/Models/House/Mets/Wire.mat
  artifactKey: Guid(964cbb1fd587c334e82a205911d7a74b) Importer(815301076,1909f56bfc062723c751e8b465ee728b)
Number of updated assets reloaded before import = 0
Start importing Assets/SwampHouse/Models/House/Mets/Wire.mat using Guid(964cbb1fd587c334e82a205911d7a74b) Importer(815301076,1909f56bfc062723c751e8b465ee728b)  -> (artifact id: 'e0b28b3a2929c84cc6f0b32f74bfcc41') in 0.045087 seconds 
Number of asset objects unloaded after import = 2
Editor requested this worker to shutdown with reason: Scaling down because of idle timeout
AssetImportWorker is now disconnected from the server
Process exiting
Exiting without the bug reporter. Application will terminate with return code 0