Using pre-set license
Built from '2021.3/staging' branch; Version is '2021.3.39f1 (fb3b7b32f191) revision 16464763'; Using compiler version '192829333'; Build Type 'Release'
OS: 'Windows 10  (10.0.19044) 64bit EnterpriseS' Language: 'en' Physical Memory: 32456 MB
BatchMode: 1, IsHumanControllingUs: 0, StartBugReporterOnCrash: 0, Is64bit: 1, IsPro: 1

COMMAND LINE ARGUMENTS:
C:\Program Files\Unity\Hub\Editor\2021.3.39f1\Editor\Unity.exe
-adb2
-batchMode
-noUpm
-name
AssetImportWorker1
-projectPath
C:/Users/202100559/Downloads/BEYONDTHEWRECK environment/BEYONDTHEWRECK/BEYOND THE WRECK
-logFile
Logs/AssetImportWorker1.log
-srvPort
62968
Successfully changed project path to: C:/Users/202100559/Downloads/BEYONDTHEWRECK environment/BEYONDTHEWRECK/BEYOND THE WRECK
C:/Users/202100559/Downloads/BEYONDTHEWRECK environment/BEYONDTHEWRECK/BEYOND THE WRECK
[UnityMemory] Configuration Parameters - Can be set up in boot.config
    "memorysetup-bucket-allocator-granularity=16"
    "memorysetup-bucket-allocator-bucket-count=8"
    "memorysetup-bucket-allocator-block-size=33554432"
    "memorysetup-bucket-allocator-block-count=8"
    "memorysetup-main-allocator-block-size=16777216"
    "memorysetup-thread-allocator-block-size=16777216"
    "memorysetup-gfx-main-allocator-block-size=16777216"
    "memorysetup-gfx-thread-allocator-block-size=16777216"
    "memorysetup-cache-allocator-block-size=4194304"
    "memorysetup-typetree-allocator-block-size=2097152"
    "memorysetup-profiler-bucket-allocator-granularity=16"
    "memorysetup-profiler-bucket-allocator-bucket-count=8"
    "memorysetup-profiler-bucket-allocator-block-size=33554432"
    "memorysetup-profiler-bucket-allocator-block-count=8"
    "memorysetup-profiler-allocator-block-size=16777216"
    "memorysetup-profiler-editor-allocator-block-size=1048576"
    "memorysetup-temp-allocator-size-main=16777216"
    "memorysetup-job-temp-allocator-block-size=2097152"
    "memorysetup-job-temp-allocator-block-size-background=1048576"
    "memorysetup-job-temp-allocator-reduction-small-platforms=262144"
    "memorysetup-temp-allocator-size-background-worker=32768"
    "memorysetup-temp-allocator-size-job-worker=262144"
    "memorysetup-temp-allocator-size-preload-manager=33554432"
    "memorysetup-temp-allocator-size-nav-mesh-worker=65536"
    "memorysetup-temp-allocator-size-audio-worker=65536"
    "memorysetup-temp-allocator-size-cloud-worker=32768"
    "memorysetup-temp-allocator-size-gi-baking-worker=262144"
    "memorysetup-temp-allocator-size-gfx=262144"
Player connection [13840] Host "[IP] 10.25.2.47 [Port] 0 [Flags] 2 [Guid] 1791742400 [EditorId] 1791742400 [Version] 1048832 [Id] WindowsEditor(7,CB-25-137-21) [Debug] 1 [PackageName] WindowsEditor [ProjectName] Editor" joined multi-casting on [225.0.0.222:54997]...

Player connection [13840] Host "[IP] 10.25.2.47 [Port] 0 [Flags] 2 [Guid] 1791742400 [EditorId] 1791742400 [Version] 1048832 [Id] WindowsEditor(7,CB-25-137-21) [Debug] 1 [PackageName] WindowsEditor [ProjectName] Editor" joined alternative multi-casting on [225.0.0.222:34997]...

[Physics::Module] Initialized MultithreadedJobDispatcher with {0} workers.
Refreshing native plugins compatible for Editor in 89.92 ms, found 3 plugins.
Preloading 0 native plugins for Editor in 0.00 ms.
Initialize engine version: 2021.3.39f1 (fb3b7b32f191)
[Subsystems] Discovering subsystems at path C:/Program Files/Unity/Hub/Editor/2021.3.39f1/Editor/Data/Resources/UnitySubsystems
[Subsystems] Discovering subsystems at path C:/Users/202100559/Downloads/BEYONDTHEWRECK environment/BEYONDTHEWRECK/BEYOND THE WRECK/Assets
GfxDevice: creating device client; threaded=0; jobified=0
Direct3D:
    Version:  Direct3D 11.0 [level 11.1]
    Renderer: AMD Radeon RX 6500 (ID=0x743f)
    Vendor:   ATI
    VRAM:     4051 MB
    Driver:   31.0.21024.3006
Initialize mono
Mono path[0] = 'C:/Program Files/Unity/Hub/Editor/2021.3.39f1/Editor/Data/Managed'
Mono path[1] = 'C:/Program Files/Unity/Hub/Editor/2021.3.39f1/Editor/Data/MonoBleedingEdge/lib/mono/unityjit-win32'
Mono config path = 'C:/Program Files/Unity/Hub/Editor/2021.3.39f1/Editor/Data/MonoBleedingEdge/etc'
Using monoOptions --debugger-agent=transport=dt_socket,embedding=1,server=y,suspend=n,address=127.0.0.1:56800
Begin MonoManager ReloadAssembly
Registering precompiled unity dll's ...
Register platform support module: C:/Program Files/Unity/Hub/Editor/2021.3.39f1/Editor/Data/PlaybackEngines/WindowsStandaloneSupport/UnityEditor.WindowsStandalone.Extensions.dll
Registered in 0.007102 seconds.
Native extension for WindowsStandalone target not found
Refreshing native plugins compatible for Editor in 95.36 ms, found 3 plugins.
Preloading 0 native plugins for Editor in 0.00 ms.
Mono: successfully reloaded assembly
- Completed reload, in  0.698 seconds
Domain Reload Profiling:
	ReloadAssembly (699ms)
		BeginReloadAssembly (108ms)
			ExecutionOrderSort (0ms)
			DisableScriptedObjects (0ms)
			BackupInstance (0ms)
			ReleaseScriptingObjects (0ms)
			CreateAndSetChildDomain (1ms)
		EndReloadAssembly (483ms)
			LoadAssemblies (105ms)
			RebuildTransferFunctionScriptingTraits (0ms)
			SetupTypeCache (106ms)
			ReleaseScriptCaches (0ms)
			RebuildScriptCaches (30ms)
			SetupLoadedEditorAssemblies (300ms)
				LogAssemblyErrors (0ms)
				InitializePlatformSupportModulesInManaged (9ms)
				SetLoadedEditorAssemblies (0ms)
				RefreshPlugins (95ms)
				BeforeProcessingInitializeOnLoad (1ms)
				ProcessInitializeOnLoadAttributes (144ms)
				ProcessInitializeOnLoadMethodAttributes (50ms)
				AfterProcessingInitializeOnLoad (0ms)
				EditorAssembliesLoaded (0ms)
			ExecutionOrderSort2 (0ms)
			AwakeInstancesAfterBackupRestoration (0ms)
Platform modules already initialized, skipping
Registering precompiled user dll's ...
Registered in 0.006955 seconds.
Begin MonoManager ReloadAssembly
Native extension for WindowsStandalone target not found
Refreshing native plugins compatible for Editor in 0.52 ms, found 3 plugins.
Preloading 0 native plugins for Editor in 0.00 ms.
Package Manager log level set to [2]
[Package Manager] Server::EnsureServerProcessIsRunning -- launch failed, reason: Unity was launched with the -noUpm command-line argument
[Package Manager] Cannot connect to Unity Package Manager local server
Mono: successfully reloaded assembly
- Completed reload, in  1.461 seconds
Domain Reload Profiling:
	ReloadAssembly (1462ms)
		BeginReloadAssembly (116ms)
			ExecutionOrderSort (0ms)
			DisableScriptedObjects (7ms)
			BackupInstance (0ms)
			ReleaseScriptingObjects (0ms)
			CreateAndSetChildDomain (17ms)
		EndReloadAssembly (1228ms)
			LoadAssemblies (87ms)
			RebuildTransferFunctionScriptingTraits (0ms)
			SetupTypeCache (268ms)
			ReleaseScriptCaches (0ms)
			RebuildScriptCaches (60ms)
			SetupLoadedEditorAssemblies (770ms)
				LogAssemblyErrors (0ms)
				InitializePlatformSupportModulesInManaged (6ms)
				SetLoadedEditorAssemblies (1ms)
				RefreshPlugins (1ms)
				BeforeProcessingInitializeOnLoad (87ms)
				ProcessInitializeOnLoadAttributes (639ms)
				ProcessInitializeOnLoadMethodAttributes (26ms)
				AfterProcessingInitializeOnLoad (10ms)
				EditorAssembliesLoaded (0ms)
			ExecutionOrderSort2 (0ms)
			AwakeInstancesAfterBackupRestoration (7ms)
Platform modules already initialized, skipping
========================================================================
Worker process is ready to serve import requests
Launched and connected shader compiler UnityShaderCompiler.exe after 0.05 seconds
Refreshing native plugins compatible for Editor in 0.63 ms, found 3 plugins.
Preloading 0 native plugins for Editor in 0.00 ms.
Unloading 3159 Unused Serialized files (Serialized files now loaded: 0)
Unloading 26 unused Assets / (53.0 KB). Loaded Objects now: 3659.
Memory consumption went from 155.5 MB to 155.5 MB.
Total: 2.920400 ms (FindLiveObjects: 0.361700 ms CreateObjectMapping: 0.117000 ms MarkObjects: 2.366000 ms  DeleteObjects: 0.074700 ms)

AssetImportParameters requested are different than current active one (requested -> active):
  custom:video-decoder-ogg-theora: a1e56fd34408186e4bbccfd4996cb3dc -> 
  custom:container-muxer-webm: aa71ff27fc2769a1b78a27578f13a17b -> 
  custom:container-demuxer-webm: 4f35f7cbe854078d1ac9338744f61a02 -> 
  custom:video-encoder-webm-vp8: eb34c28f22e8b96e1ab97ce403110664 -> 
  custom:CustomObjectIndexerAttribute: bc11b3a6c3213fcdd17b65e7da85e133 -> 
  custom:audio-encoder-webm-vorbis: bf7c407c2cedff20999df2af8eb42d56 -> 
  custom:framework-win-MediaFoundation: 216162199b28c13a410421893ffa2e32 -> 
  custom:SearchIndexIgnoredProperties: e643bd26f0fe6173181afceb89e7c659 -> 
  custom:container-demuxer-ogg: 62fdf1f143b41e24485cea50d1cbac27 -> 
  custom:video-decoder-webm-vp8: 9c59270c3fd7afecdb556c50c9e8de78 -> 
  custom:audio-decoder-ogg-vorbis: bf7c407c2cedff20999df2af8eb42d56 -> 
========================================================================
Received Import Request.
  Time since last request: 4847126.835088 seconds.
  path: Assets/Female Stop Walking.fbx
  artifactKey: Guid(e40f68427edd75f4cb2b318dcc801f08) Importer(815301076,1909f56bfc062723c751e8b465ee728b)
Number of updated assets reloaded before import = 0
Start importing Assets/Female Stop Walking.fbx using Guid(e40f68427edd75f4cb2b318dcc801f08) Importer(815301076,1909f56bfc062723c751e8b465ee728b)  -> (artifact id: 'ad8ec58f360378bb55d17a95e2b18362') in 0.307722 seconds 
Number of asset objects unloaded after import = 163
========================================================================
Received Prepare
Registering precompiled user dll's ...
Registered in 0.008543 seconds.
Begin MonoManager ReloadAssembly
Native extension for WindowsStandalone target not found
Refreshing native plugins compatible for Editor in 0.53 ms, found 3 plugins.
Preloading 0 native plugins for Editor in 0.00 ms.
[Package Manager] Server::EnsureServerProcessIsRunning -- launch failed, reason: Unity was launched with the -noUpm command-line argument
[Package Manager] Cannot connect to Unity Package Manager local server
Mono: successfully reloaded assembly
- Completed reload, in  1.398 seconds
Domain Reload Profiling:
	ReloadAssembly (1399ms)
		BeginReloadAssembly (154ms)
			ExecutionOrderSort (0ms)
			DisableScriptedObjects (5ms)
			BackupInstance (0ms)
			ReleaseScriptingObjects (0ms)
			CreateAndSetChildDomain (33ms)
		EndReloadAssembly (1148ms)
			LoadAssemblies (103ms)
			RebuildTransferFunctionScriptingTraits (0ms)
			SetupTypeCache (264ms)
			ReleaseScriptCaches (1ms)
			RebuildScriptCaches (41ms)
			SetupLoadedEditorAssemblies (722ms)
				LogAssemblyErrors (0ms)
				InitializePlatformSupportModulesInManaged (6ms)
				SetLoadedEditorAssemblies (1ms)
				RefreshPlugins (1ms)
				BeforeProcessingInitializeOnLoad (69ms)
				ProcessInitializeOnLoadAttributes (608ms)
				ProcessInitializeOnLoadMethodAttributes (27ms)
				AfterProcessingInitializeOnLoad (11ms)
				EditorAssembliesLoaded (0ms)
			ExecutionOrderSort2 (0ms)
			AwakeInstancesAfterBackupRestoration (8ms)
Platform modules already initialized, skipping
Refreshing native plugins compatible for Editor in 1.03 ms, found 3 plugins.
Preloading 0 native plugins for Editor in 0.00 ms.
Unloading 3130 Unused Serialized files (Serialized files now loaded: 0)
Unloading 21 unused Assets / (26.6 KB). Loaded Objects now: 3707.
Memory consumption went from 170.1 MB to 170.1 MB.
Total: 2.576800 ms (FindLiveObjects: 0.359200 ms CreateObjectMapping: 0.088700 ms MarkObjects: 2.091400 ms  DeleteObjects: 0.035900 ms)

AssetImportParameters requested are different than current active one (requested -> active):
  custom:video-decoder-ogg-theora: a1e56fd34408186e4bbccfd4996cb3dc -> 
  custom:container-muxer-webm: aa71ff27fc2769a1b78a27578f13a17b -> 
  custom:container-demuxer-webm: 4f35f7cbe854078d1ac9338744f61a02 -> 
  custom:video-encoder-webm-vp8: eb34c28f22e8b96e1ab97ce403110664 -> 
  custom:CustomObjectIndexerAttribute: bc11b3a6c3213fcdd17b65e7da85e133 -> 
  custom:audio-encoder-webm-vorbis: bf7c407c2cedff20999df2af8eb42d56 -> 
  custom:framework-win-MediaFoundation: 216162199b28c13a410421893ffa2e32 -> 
  custom:SearchIndexIgnoredProperties: e643bd26f0fe6173181afceb89e7c659 -> 
  custom:container-demuxer-ogg: 62fdf1f143b41e24485cea50d1cbac27 -> 
  custom:video-decoder-webm-vp8: 9c59270c3fd7afecdb556c50c9e8de78 -> 
  custom:audio-decoder-ogg-vorbis: bf7c407c2cedff20999df2af8eb42d56 -> 
========================================================================
Received Prepare
Registering precompiled user dll's ...
Registered in 0.007628 seconds.
Begin MonoManager ReloadAssembly
Native extension for WindowsStandalone target not found
Refreshing native plugins compatible for Editor in 0.52 ms, found 3 plugins.
Preloading 0 native plugins for Editor in 0.00 ms.
[Package Manager] Server::EnsureServerProcessIsRunning -- launch failed, reason: Unity was launched with the -noUpm command-line argument
[Package Manager] Cannot connect to Unity Package Manager local server
Mono: successfully reloaded assembly
- Completed reload, in  1.398 seconds
Domain Reload Profiling:
	ReloadAssembly (1399ms)
		BeginReloadAssembly (160ms)
			ExecutionOrderSort (0ms)
			DisableScriptedObjects (6ms)
			BackupInstance (0ms)
			ReleaseScriptingObjects (0ms)
			CreateAndSetChildDomain (31ms)
		EndReloadAssembly (1139ms)
			LoadAssemblies (109ms)
			RebuildTransferFunctionScriptingTraits (0ms)
			SetupTypeCache (254ms)
			ReleaseScriptCaches (1ms)
			RebuildScriptCaches (41ms)
			SetupLoadedEditorAssemblies (721ms)
				LogAssemblyErrors (0ms)
				InitializePlatformSupportModulesInManaged (6ms)
				SetLoadedEditorAssemblies (1ms)
				RefreshPlugins (1ms)
				BeforeProcessingInitializeOnLoad (70ms)
				ProcessInitializeOnLoadAttributes (607ms)
				ProcessInitializeOnLoadMethodAttributes (27ms)
				AfterProcessingInitializeOnLoad (10ms)
				EditorAssembliesLoaded (0ms)
			ExecutionOrderSort2 (0ms)
			AwakeInstancesAfterBackupRestoration (8ms)
Platform modules already initialized, skipping
Refreshing native plugins compatible for Editor in 0.61 ms, found 3 plugins.
Preloading 0 native plugins for Editor in 0.00 ms.
Unloading 3130 Unused Serialized files (Serialized files now loaded: 0)
Unloading 21 unused Assets / (26.7 KB). Loaded Objects now: 3710.
Memory consumption went from 170.1 MB to 170.1 MB.
Total: 2.988200 ms (FindLiveObjects: 0.378000 ms CreateObjectMapping: 0.088600 ms MarkObjects: 2.475600 ms  DeleteObjects: 0.044100 ms)

AssetImportParameters requested are different than current active one (requested -> active):
  custom:video-decoder-ogg-theora: a1e56fd34408186e4bbccfd4996cb3dc -> 
  custom:container-muxer-webm: aa71ff27fc2769a1b78a27578f13a17b -> 
  custom:container-demuxer-webm: 4f35f7cbe854078d1ac9338744f61a02 -> 
  custom:video-encoder-webm-vp8: eb34c28f22e8b96e1ab97ce403110664 -> 
  custom:CustomObjectIndexerAttribute: bc11b3a6c3213fcdd17b65e7da85e133 -> 
  custom:audio-encoder-webm-vorbis: bf7c407c2cedff20999df2af8eb42d56 -> 
  custom:framework-win-MediaFoundation: 216162199b28c13a410421893ffa2e32 -> 
  custom:SearchIndexIgnoredProperties: e643bd26f0fe6173181afceb89e7c659 -> 
  custom:container-demuxer-ogg: 62fdf1f143b41e24485cea50d1cbac27 -> 
  custom:video-decoder-webm-vp8: 9c59270c3fd7afecdb556c50c9e8de78 -> 
  custom:audio-decoder-ogg-vorbis: bf7c407c2cedff20999df2af8eb42d56 -> 
========================================================================
Received Import Request.
  Time since last request: 408.606948 seconds.
  path: Assets/Cutscene/Ocean/Models/Sea/sand_diff.tga
  artifactKey: Guid(ef176c3bc05207849929553cb31c8472) Importer(815301076,1909f56bfc062723c751e8b465ee728b)
Number of updated assets reloaded before import = 0
Start importing Assets/Cutscene/Ocean/Models/Sea/sand_diff.tga using Guid(ef176c3bc05207849929553cb31c8472) Importer(815301076,1909f56bfc062723c751e8b465ee728b)  -> (artifact id: '2bed2401f9ae073f1a416e629a11e508') in 0.078681 seconds 
Number of asset objects unloaded after import = 2
========================================================================
Received Import Request.
  Time since last request: 0.000021 seconds.
  path: Assets/Cutscene/Ocean/Models/Sea/waves_noise.png
  artifactKey: Guid(6ff884c0b033c2c4ebf27ae72c478883) Importer(815301076,1909f56bfc062723c751e8b465ee728b)
Number of updated assets reloaded before import = 0
Start importing Assets/Cutscene/Ocean/Models/Sea/waves_noise.png using Guid(6ff884c0b033c2c4ebf27ae72c478883) Importer(815301076,1909f56bfc062723c751e8b465ee728b)  -> (artifact id: '61db4c02a2c59605639293273a947937') in 0.040732 seconds 
Number of asset objects unloaded after import = 2
========================================================================
Received Import Request.
  Time since last request: 0.000026 seconds.
  path: Assets/Cutscene/Ocean/Models/Sea/sand_normal.tga
  artifactKey: Guid(5e959615e5951514db840f3cb4a3449a) Importer(815301076,1909f56bfc062723c751e8b465ee728b)
Number of updated assets reloaded before import = 0
Start importing Assets/Cutscene/Ocean/Models/Sea/sand_normal.tga using Guid(5e959615e5951514db840f3cb4a3449a) Importer(815301076,1909f56bfc062723c751e8b465ee728b)  -> (artifact id: '592fa3af3705ff9169aaecba1c6345c7') in 0.015482 seconds 
Number of asset objects unloaded after import = 2
========================================================================
Received Import Request.
  Time since last request: 0.000029 seconds.
  path: Assets/Cutscene/Ocean/Models/Sea/sea_test.mat
  artifactKey: Guid(98a4f80a6ee5a5f4bb8166ed234c3bbb) Importer(815301076,1909f56bfc062723c751e8b465ee728b)
Number of updated assets reloaded before import = 0
Start importing Assets/Cutscene/Ocean/Models/Sea/sea_test.mat using Guid(98a4f80a6ee5a5f4bb8166ed234c3bbb) Importer(815301076,1909f56bfc062723c751e8b465ee728b)  -> (artifact id: '2b3ea27205aac0aea2aa7e25633bc4a1') in 0.186215 seconds 
Number of asset objects unloaded after import = 1
========================================================================
Received Import Request.
  Time since last request: 39.553365 seconds.
  path: Assets/_TerrainAutoUpgrade/layer_Terr_Grass_DiffuseTerr_Grass_Normal3d3aba195e4d26ee.terrainlayer
  artifactKey: Guid(4b17b3a30072a094388876ed255f4753) Importer(815301076,1909f56bfc062723c751e8b465ee728b)
Number of updated assets reloaded before import = 0
Start importing Assets/_TerrainAutoUpgrade/layer_Terr_Grass_DiffuseTerr_Grass_Normal3d3aba195e4d26ee.terrainlayer using Guid(4b17b3a30072a094388876ed255f4753) Importer(815301076,1909f56bfc062723c751e8b465ee728b)  -> (artifact id: '4dce3720b2acc5a0f4cd4bffe0b043ca') in 0.032003 seconds 
Number of asset objects unloaded after import = 4
========================================================================
Received Import Request.
  Time since last request: 7.521574 seconds.
  path: Assets/Chicken Piece Pack/Texture/Chicken Piece/hdr/chicken leg piece_BaseColor.png
  artifactKey: Guid(efa0dbd75b483514c8917d6480930f3a) Importer(815301076,1909f56bfc062723c751e8b465ee728b)
Number of updated assets reloaded before import = 0
Start importing Assets/Chicken Piece Pack/Texture/Chicken Piece/hdr/chicken leg piece_BaseColor.png using Guid(efa0dbd75b483514c8917d6480930f3a) Importer(815301076,1909f56bfc062723c751e8b465ee728b)  -> (artifact id: 'bd3bce850d859a6e5162ae6551ffd74d') in 0.061118 seconds 
Number of asset objects unloaded after import = 2
========================================================================
Received Import Request.
  Time since last request: 73.997392 seconds.
  path: Assets/Left Turn.fbx
  artifactKey: Guid(c6fae7405e0a8ef4e96c74953ee19b44) Importer(815301076,1909f56bfc062723c751e8b465ee728b)
Number of updated assets reloaded before import = 0
Start importing Assets/Left Turn.fbx using Guid(c6fae7405e0a8ef4e96c74953ee19b44) Importer(815301076,1909f56bfc062723c751e8b465ee728b)  -> (artifact id: 'eb0efe0cd13778b33e9cd709d966679e') in 0.188936 seconds 
Number of asset objects unloaded after import = 163
========================================================================
Received Import Request.
  Time since last request: 0.000022 seconds.
  path: Assets/Polygon-Lite Survival Collection/Models/Small_Canned_Food_C_03.fbx
  artifactKey: Guid(c1474394c9ecac843a0f4c44e895f353) Importer(815301076,1909f56bfc062723c751e8b465ee728b)
Number of updated assets reloaded before import = 0
Start importing Assets/Polygon-Lite Survival Collection/Models/Small_Canned_Food_C_03.fbx using Guid(c1474394c9ecac843a0f4c44e895f353) Importer(815301076,1909f56bfc062723c751e8b465ee728b)  -> (artifact id: 'e3d572da3850aed981bcb0097ec88263') in 0.078359 seconds 
Number of asset objects unloaded after import = 7
========================================================================
Received Import Request.
  Time since last request: 0.000023 seconds.
  path: Assets/Polygon-Lite Survival Collection/Models/SM_Tactical_Block.fbx
  artifactKey: Guid(f9a7df9a690a1bc4e90e9786a384bfeb) Importer(815301076,1909f56bfc062723c751e8b465ee728b)
Number of updated assets reloaded before import = 0
Start importing Assets/Polygon-Lite Survival Collection/Models/SM_Tactical_Block.fbx using Guid(f9a7df9a690a1bc4e90e9786a384bfeb) Importer(815301076,1909f56bfc062723c751e8b465ee728b)  -> (artifact id: '93ac95a1add2fc303f1a3820913944e8') in 0.023476 seconds 
Number of asset objects unloaded after import = 7
========================================================================
Received Import Request.
  Time since last request: 0.000028 seconds.
  path: Assets/Polygon-Lite Survival Collection/Models/SM_Muzzle_Brake_Compensator_01.fbx
  artifactKey: Guid(3dc1c43c6efc435428abe80349244466) Importer(815301076,1909f56bfc062723c751e8b465ee728b)
Number of updated assets reloaded before import = 0
Start importing Assets/Polygon-Lite Survival Collection/Models/SM_Muzzle_Brake_Compensator_01.fbx using Guid(3dc1c43c6efc435428abe80349244466) Importer(815301076,1909f56bfc062723c751e8b465ee728b)  -> (artifact id: '5c5e5e2228d1d7773233e96d126811fe') in 0.024599 seconds 
Number of asset objects unloaded after import = 7
========================================================================
Received Import Request.
  Time since last request: 0.000019 seconds.
  path: Assets/Polygon-Lite Survival Collection/Models/SM_Scrap_Metal_03.fbx
  artifactKey: Guid(804c9c6df5d056e4da0e9b1081a86e39) Importer(815301076,1909f56bfc062723c751e8b465ee728b)
Number of updated assets reloaded before import = 0
Start importing Assets/Polygon-Lite Survival Collection/Models/SM_Scrap_Metal_03.fbx using Guid(804c9c6df5d056e4da0e9b1081a86e39) Importer(815301076,1909f56bfc062723c751e8b465ee728b)  -> (artifact id: '8700c3932af21b5b11578870bfe27e0b') in 0.024199 seconds 
Number of asset objects unloaded after import = 7
========================================================================
Received Import Request.
  Time since last request: 0.000018 seconds.
  path: Assets/Cutscene/Rocks/mesh/rock6_LOD0.fbx
  artifactKey: Guid(506b70381fd997443a705d4ad2db4f9a) Importer(815301076,1909f56bfc062723c751e8b465ee728b)
Number of updated assets reloaded before import = 0
Start importing Assets/Cutscene/Rocks/mesh/rock6_LOD0.fbx using Guid(506b70381fd997443a705d4ad2db4f9a) Importer(815301076,1909f56bfc062723c751e8b465ee728b)  -> (artifact id: '8ee9f93f5664b19f898216c764853f0b') in 0.135010 seconds 
Number of asset objects unloaded after import = 12
========================================================================
Received Import Request.
  Time since last request: 0.000017 seconds.
  path: Assets/Cutscene/Rocks/mesh/rock4_LOD1.fbx
  artifactKey: Guid(80c3ef9d2c3a0304db9102badc344c6f) Importer(815301076,1909f56bfc062723c751e8b465ee728b)
Number of updated assets reloaded before import = 0
Start importing Assets/Cutscene/Rocks/mesh/rock4_LOD1.fbx using Guid(80c3ef9d2c3a0304db9102badc344c6f) Importer(815301076,1909f56bfc062723c751e8b465ee728b)  -> (artifact id: 'bee090e8b0169b04f7422429b9ce1afc') in 0.061079 seconds 
Number of asset objects unloaded after import = 12
========================================================================
Received Import Request.
  Time since last request: 0.000020 seconds.
  path: Assets/Polytope Studio/Lowpoly_Environments/Sources/Meshes/Rocks/PT_Ore_Rock_01.fbx
  artifactKey: Guid(a9129ae83f8faf646961b70c4b103833) Importer(815301076,1909f56bfc062723c751e8b465ee728b)
Number of updated assets reloaded before import = 0
Start importing Assets/Polytope Studio/Lowpoly_Environments/Sources/Meshes/Rocks/PT_Ore_Rock_01.fbx using Guid(a9129ae83f8faf646961b70c4b103833) Importer(815301076,1909f56bfc062723c751e8b465ee728b)  -> (artifact id: '324343be34c304df16befa5bcfe2448a') in 0.141571 seconds 
Number of asset objects unloaded after import = 23
========================================================================
Received Import Request.
  Time since last request: 0.000028 seconds.
  path: Assets/Polygon-Lite Survival Collection/Models/SM_Workbench.fbx
  artifactKey: Guid(a98078f2fd9a09b47adbff5711682518) Importer(815301076,1909f56bfc062723c751e8b465ee728b)
Number of updated assets reloaded before import = 0
Start importing Assets/Polygon-Lite Survival Collection/Models/SM_Workbench.fbx using Guid(a98078f2fd9a09b47adbff5711682518) Importer(815301076,1909f56bfc062723c751e8b465ee728b)  -> (artifact id: '1cec8042d3181f8632990ee883aec391') in 0.030885 seconds 
Number of asset objects unloaded after import = 7
========================================================================
Received Import Request.
  Time since last request: 0.000019 seconds.
  path: Assets/Wolf_Animated/Model/Wolf_die.FBX
  artifactKey: Guid(abecad1478c146b468857b08761602b7) Importer(815301076,1909f56bfc062723c751e8b465ee728b)
Number of updated assets reloaded before import = 0
Start importing Assets/Wolf_Animated/Model/Wolf_die.FBX using Guid(abecad1478c146b468857b08761602b7) Importer(815301076,1909f56bfc062723c751e8b465ee728b)  -> (artifact id: 'b07376ff755fb1455ebed2e62845b7b6') in 0.037108 seconds 
Number of asset objects unloaded after import = 86
========================================================================
Received Import Request.
  Time since last request: 0.000019 seconds.
  path: Assets/Polygon-Lite Survival Collection/Models/SM_Collimator_Sight_B_01.fbx
  artifactKey: Guid(e781d9745bdf3114998561b8c9601e84) Importer(815301076,1909f56bfc062723c751e8b465ee728b)
Number of updated assets reloaded before import = 0
Start importing Assets/Polygon-Lite Survival Collection/Models/SM_Collimator_Sight_B_01.fbx using Guid(e781d9745bdf3114998561b8c9601e84) Importer(815301076,1909f56bfc062723c751e8b465ee728b)  -> (artifact id: '45e192af8c607717cc0eff4ebbab16ab') in 0.022751 seconds 
Number of asset objects unloaded after import = 7
========================================================================
Received Import Request.
  Time since last request: 0.000019 seconds.
  path: Assets/Cutscene/Rocks/mesh/rock3_LOD2.fbx
  artifactKey: Guid(021723daefca0c64ca5ee38d604b5df3) Importer(815301076,1909f56bfc062723c751e8b465ee728b)
Number of updated assets reloaded before import = 0
Start importing Assets/Cutscene/Rocks/mesh/rock3_LOD2.fbx using Guid(021723daefca0c64ca5ee38d604b5df3) Importer(815301076,1909f56bfc062723c751e8b465ee728b)  -> (artifact id: '23d15c30559484278a9dc586560edaa6') in 0.028021 seconds 
Number of asset objects unloaded after import = 12
========================================================================
Received Import Request.
  Time since last request: 0.000019 seconds.
  path: Assets/Polygon-Lite Survival Collection/Models/Meat_03.fbx
  artifactKey: Guid(2e60549f5f9a890408480516a8fda91d) Importer(815301076,1909f56bfc062723c751e8b465ee728b)
Number of updated assets reloaded before import = 0
Start importing Assets/Polygon-Lite Survival Collection/Models/Meat_03.fbx using Guid(2e60549f5f9a890408480516a8fda91d) Importer(815301076,1909f56bfc062723c751e8b465ee728b)  -> (artifact id: 'f0bafed63379fec3c76ad4f6ca0a77fe') in 0.026469 seconds 
Number of asset objects unloaded after import = 7
========================================================================
Received Import Request.
  Time since last request: 0.000019 seconds.
  path: Assets/Cutscene/Sky/_AllSkyFreeDemoEnvironment/AllSky_DemoEnvironment02.fbx
  artifactKey: Guid(e8f07670fb0274e35a65e6e98594a930) Importer(815301076,1909f56bfc062723c751e8b465ee728b)
Number of updated assets reloaded before import = 0
Start importing Assets/Cutscene/Sky/_AllSkyFreeDemoEnvironment/AllSky_DemoEnvironment02.fbx using Guid(e8f07670fb0274e35a65e6e98594a930) Importer(815301076,1909f56bfc062723c751e8b465ee728b)  -> (artifact id: '8881fce4727c5da077d64c199284287d') in 0.066372 seconds 
Number of asset objects unloaded after import = 11
========================================================================
Received Import Request.
  Time since last request: 0.000020 seconds.
  path: Assets/Cutscene/Rocks/mesh/rock6_LOD2.fbx
  artifactKey: Guid(7fe6223b2ee42544d96903008fd4553f) Importer(815301076,1909f56bfc062723c751e8b465ee728b)
Number of updated assets reloaded before import = 0
Start importing Assets/Cutscene/Rocks/mesh/rock6_LOD2.fbx using Guid(7fe6223b2ee42544d96903008fd4553f) Importer(815301076,1909f56bfc062723c751e8b465ee728b)  -> (artifact id: '0f961d7a7dda9c71cf3419fba7fb4276') in 0.031767 seconds 
Number of asset objects unloaded after import = 12
========================================================================
Received Import Request.
  Time since last request: 0.000028 seconds.
  path: Assets/Polygon-Lite Survival Collection/Models/SM_Magazine_For_Special_Submachine_Gun_Empty.fbx
  artifactKey: Guid(d3135b9e66d44344da8e767529d81e84) Importer(815301076,1909f56bfc062723c751e8b465ee728b)
Number of updated assets reloaded before import = 0
Start importing Assets/Polygon-Lite Survival Collection/Models/SM_Magazine_For_Special_Submachine_Gun_Empty.fbx using Guid(d3135b9e66d44344da8e767529d81e84) Importer(815301076,1909f56bfc062723c751e8b465ee728b)  -> (artifact id: '14d385d007b0e9b077ed263064027965') in 0.027472 seconds 
Number of asset objects unloaded after import = 7
========================================================================
Received Import Request.
  Time since last request: 0.000019 seconds.
  path: Assets/Polygon-Lite Survival Collection/Models/SM_Handguard_For_Submachine_Gun_01.fbx
  artifactKey: Guid(0e80d84d1c2989c49ba3263d9a827506) Importer(815301076,1909f56bfc062723c751e8b465ee728b)
Number of updated assets reloaded before import = 0
Start importing Assets/Polygon-Lite Survival Collection/Models/SM_Handguard_For_Submachine_Gun_01.fbx using Guid(0e80d84d1c2989c49ba3263d9a827506) Importer(815301076,1909f56bfc062723c751e8b465ee728b)  -> (artifact id: 'e3c008bbc6ec41949e7aacea432c8bfd') in 0.025552 seconds 
Number of asset objects unloaded after import = 7
========================================================================
Received Import Request.
  Time since last request: 0.000016 seconds.
  path: Assets/Wolf_Animated/Model/Wolf_damege.FBX
  artifactKey: Guid(ed10b883a33b6574188ad7570f7ab315) Importer(815301076,1909f56bfc062723c751e8b465ee728b)
Number of updated assets reloaded before import = 0
Start importing Assets/Wolf_Animated/Model/Wolf_damege.FBX using Guid(ed10b883a33b6574188ad7570f7ab315) Importer(815301076,1909f56bfc062723c751e8b465ee728b)  -> (artifact id: '57854328f645acd0063d8ecba443b603') in 0.033624 seconds 
Number of asset objects unloaded after import = 86
========================================================================
Received Import Request.
  Time since last request: 0.000018 seconds.
  path: Assets/Polygon-Lite Survival Collection/Models/Canned_food_A_01.fbx
  artifactKey: Guid(392ff5165006e464c86c9dbe80cc8d3f) Importer(815301076,1909f56bfc062723c751e8b465ee728b)
Number of updated assets reloaded before import = 0
Start importing Assets/Polygon-Lite Survival Collection/Models/Canned_food_A_01.fbx using Guid(392ff5165006e464c86c9dbe80cc8d3f) Importer(815301076,1909f56bfc062723c751e8b465ee728b)  -> (artifact id: '03b2298c35e942b21c0d7ba7627d3a96') in 0.027796 seconds 
Number of asset objects unloaded after import = 7
========================================================================
Received Import Request.
  Time since last request: 0.000018 seconds.
  path: Assets/Polygon-Lite Survival Collection/Models/SM_Army_Pistol.fbx
  artifactKey: Guid(1cc03cbb51606e04faa898feb8fab8e3) Importer(815301076,1909f56bfc062723c751e8b465ee728b)
Number of updated assets reloaded before import = 0
Start importing Assets/Polygon-Lite Survival Collection/Models/SM_Army_Pistol.fbx using Guid(1cc03cbb51606e04faa898feb8fab8e3) Importer(815301076,1909f56bfc062723c751e8b465ee728b)  -> (artifact id: 'cd1bd322e7e82561f07fe91ede3bec0e') in 0.037437 seconds 
Number of asset objects unloaded after import = 22
========================================================================
Received Import Request.
  Time since last request: 0.000018 seconds.
  path: Assets/Polygon-Lite Survival Collection/Models/SM_Barrel_Open_01.fbx
  artifactKey: Guid(8cc7fba1aa2e29b4cad954fe3783ea89) Importer(815301076,1909f56bfc062723c751e8b465ee728b)
Number of updated assets reloaded before import = 0
Start importing Assets/Polygon-Lite Survival Collection/Models/SM_Barrel_Open_01.fbx using Guid(8cc7fba1aa2e29b4cad954fe3783ea89) Importer(815301076,1909f56bfc062723c751e8b465ee728b)  -> (artifact id: 'ec5c79e072e5d7e1e78a67c61e4b1476') in 0.029363 seconds 
Number of asset objects unloaded after import = 7
========================================================================
Received Import Request.
  Time since last request: 0.000017 seconds.
  path: Assets/Cutscene/Rocks/mesh/rock5_LOD1.fbx
  artifactKey: Guid(0ed37f148e3166d42b0d653a3ba63eba) Importer(815301076,1909f56bfc062723c751e8b465ee728b)
Number of updated assets reloaded before import = 0
Start importing Assets/Cutscene/Rocks/mesh/rock5_LOD1.fbx using Guid(0ed37f148e3166d42b0d653a3ba63eba) Importer(815301076,1909f56bfc062723c751e8b465ee728b)  -> (artifact id: 'de5ee9c0492865fb03847685e2f1a884') in 0.027476 seconds 
Number of asset objects unloaded after import = 12
========================================================================
Received Import Request.
  Time since last request: 0.000022 seconds.
  path: Assets/Polygon-Lite Survival Collection/Models/SM_ARAMID_FABRIC.fbx
  artifactKey: Guid(6704ca6c29fd08b4898f36bf2c90058c) Importer(815301076,1909f56bfc062723c751e8b465ee728b)
Number of updated assets reloaded before import = 0
Start importing Assets/Polygon-Lite Survival Collection/Models/SM_ARAMID_FABRIC.fbx using Guid(6704ca6c29fd08b4898f36bf2c90058c) Importer(815301076,1909f56bfc062723c751e8b465ee728b)  -> (artifact id: 'e3c83248d5a949bcbaee00d96ef0aca6') in 0.024376 seconds 
Number of asset objects unloaded after import = 7
========================================================================
Received Import Request.
  Time since last request: 0.000027 seconds.
  path: Assets/Polytope Studio/Lowpoly_Environments/Sources/Meshes/Rocks/PT_River_Rock_Pile_02.fbx
  artifactKey: Guid(e5e1b3c0d2be60b47981235187af0936) Importer(815301076,1909f56bfc062723c751e8b465ee728b)
Number of updated assets reloaded before import = 0
Start importing Assets/Polytope Studio/Lowpoly_Environments/Sources/Meshes/Rocks/PT_River_Rock_Pile_02.fbx using Guid(e5e1b3c0d2be60b47981235187af0936) Importer(815301076,1909f56bfc062723c751e8b465ee728b)  -> (artifact id: 'a6464a5cff751489d28d25845cd91d62') in 0.069444 seconds 
Number of asset objects unloaded after import = 23
========================================================================
Received Import Request.
  Time since last request: 0.000018 seconds.
  path: Assets/Polygon-Lite Survival Collection/Models/SM_Special_Submachine_Gun_Clean.fbx
  artifactKey: Guid(77fd3f23017f637479f20255333ee7b0) Importer(815301076,1909f56bfc062723c751e8b465ee728b)
Number of updated assets reloaded before import = 0
Start importing Assets/Polygon-Lite Survival Collection/Models/SM_Special_Submachine_Gun_Clean.fbx using Guid(77fd3f23017f637479f20255333ee7b0) Importer(815301076,1909f56bfc062723c751e8b465ee728b)  -> (artifact id: 'a0bc20c18dedcd0b7ef4ca0215031113') in 0.045945 seconds 
Number of asset objects unloaded after import = 34
========================================================================
Received Import Request.
  Time since last request: 0.000018 seconds.
  path: Assets/Polygon-Lite Survival Collection/Models/SM_THE_CLOTH.fbx
  artifactKey: Guid(a36adfa80e417e0419dd2259bdbf0b0a) Importer(815301076,1909f56bfc062723c751e8b465ee728b)
Number of updated assets reloaded before import = 0
Start importing Assets/Polygon-Lite Survival Collection/Models/SM_THE_CLOTH.fbx using Guid(a36adfa80e417e0419dd2259bdbf0b0a) Importer(815301076,1909f56bfc062723c751e8b465ee728b)  -> (artifact id: 'c3c5afeeb188592d4a057183a0dfab3f') in 0.028876 seconds 
Number of asset objects unloaded after import = 7
========================================================================
Received Import Request.
  Time since last request: 0.000017 seconds.
  path: Assets/Polygon-Lite Survival Collection/Models/Canned_food_B_01.fbx
  artifactKey: Guid(7e8c8f566be89cc48beb36361168019c) Importer(815301076,1909f56bfc062723c751e8b465ee728b)
Number of updated assets reloaded before import = 0
Start importing Assets/Polygon-Lite Survival Collection/Models/Canned_food_B_01.fbx using Guid(7e8c8f566be89cc48beb36361168019c) Importer(815301076,1909f56bfc062723c751e8b465ee728b)  -> (artifact id: '296f3bfba3bf073d5cf85ed0b9cd65c2') in 0.027539 seconds 
Number of asset objects unloaded after import = 7
========================================================================
Received Import Request.
  Time since last request: 0.000018 seconds.
  path: Assets/Blink/Art/Animals/Stylized/Bear/Bear_Meshes/Bear.fbx
  artifactKey: Guid(b7822eb5951163b48830b6d9bcbf48b4) Importer(815301076,1909f56bfc062723c751e8b465ee728b)
Number of updated assets reloaded before import = 0
Start importing Assets/Blink/Art/Animals/Stylized/Bear/Bear_Meshes/Bear.fbx using Guid(b7822eb5951163b48830b6d9bcbf48b4) Importer(815301076,1909f56bfc062723c751e8b465ee728b)  -> (artifact id: 'ff1f83f3caa3a1c7962da6e363bf9531') in 0.036829 seconds 
Number of asset objects unloaded after import = 139
========================================================================
Received Import Request.
  Time since last request: 0.000025 seconds.
  path: Assets/Polygon-Lite Survival Collection/Models/SM_Scrap_Metal_02.fbx
  artifactKey: Guid(94c2c318f2897384892a9b3a7bcd25b2) Importer(815301076,1909f56bfc062723c751e8b465ee728b)
Number of updated assets reloaded before import = 0
Start importing Assets/Polygon-Lite Survival Collection/Models/SM_Scrap_Metal_02.fbx using Guid(94c2c318f2897384892a9b3a7bcd25b2) Importer(815301076,1909f56bfc062723c751e8b465ee728b)  -> (artifact id: 'a50447c0d29fd79629a5f8b81d58d762') in 0.036395 seconds 
Number of asset objects unloaded after import = 7
========================================================================
Received Import Request.
  Time since last request: 0.000027 seconds.
  path: Assets/Cutscene/Ship/StylShip_3dModel/StylShip_Unity.fbx
  artifactKey: Guid(4fe7ec1d555ab494d836addf3c4b2c0f) Importer(815301076,1909f56bfc062723c751e8b465ee728b)
Number of updated assets reloaded before import = 0
Start importing Assets/Cutscene/Ship/StylShip_3dModel/StylShip_Unity.fbx using Guid(4fe7ec1d555ab494d836addf3c4b2c0f) Importer(815301076,1909f56bfc062723c751e8b465ee728b)  -> (artifact id: '6b089a041a5a91f5aba9e8cd8232d2ef') in 0.452099 seconds 
Number of asset objects unloaded after import = 245
========================================================================
Received Import Request.
  Time since last request: 0.000023 seconds.
  path: Assets/Polytope Studio/Lowpoly_Environments/Sources/Meshes/Rocks/PT_Menhir_Rock_02.fbx
  artifactKey: Guid(e0fe1b80592a0144babd1bf297ad32ad) Importer(815301076,1909f56bfc062723c751e8b465ee728b)
Number of updated assets reloaded before import = 0
Start importing Assets/Polytope Studio/Lowpoly_Environments/Sources/Meshes/Rocks/PT_Menhir_Rock_02.fbx using Guid(e0fe1b80592a0144babd1bf297ad32ad) Importer(815301076,1909f56bfc062723c751e8b465ee728b)  -> (artifact id: '48905518d1e9666046666190256a3621') in 0.079914 seconds 
Number of asset objects unloaded after import = 23
========================================================================
Received Import Request.
  Time since last request: 0.000031 seconds.
  path: Assets/ithappy/Animals_FREE/Meshes/Kitty_001.fbx
  artifactKey: Guid(31d2c91682ac6f045b4b75ebf27e5d77) Importer(815301076,1909f56bfc062723c751e8b465ee728b)
Number of updated assets reloaded before import = 0
Start importing Assets/ithappy/Animals_FREE/Meshes/Kitty_001.fbx using Guid(31d2c91682ac6f045b4b75ebf27e5d77) Importer(815301076,1909f56bfc062723c751e8b465ee728b)  -> (artifact id: 'eebb1c2c7592d042c112d446a60b12af') in 0.057848 seconds 
Number of asset objects unloaded after import = 95
========================================================================
Received Import Request.
  Time since last request: 0.000017 seconds.
  path: Assets/Cutscene/Rocks/mesh/rock4_LOD0.fbx
  artifactKey: Guid(2ead09f5d1499f94fa7752857724d027) Importer(815301076,1909f56bfc062723c751e8b465ee728b)
Number of updated assets reloaded before import = 0
Start importing Assets/Cutscene/Rocks/mesh/rock4_LOD0.fbx using Guid(2ead09f5d1499f94fa7752857724d027) Importer(815301076,1909f56bfc062723c751e8b465ee728b)  -> (artifact id: '9e9a141aec3f1e82eecf762b08796638') in 0.028813 seconds 
Number of asset objects unloaded after import = 12
========================================================================
Received Import Request.
  Time since last request: 0.000016 seconds.
  path: Assets/Polygon-Lite Survival Collection/Models/SM_Barrel_Closed_01_A.fbx
  artifactKey: Guid(5268200bc6db80845af09eb0823e211e) Importer(815301076,1909f56bfc062723c751e8b465ee728b)
Number of updated assets reloaded before import = 0
Start importing Assets/Polygon-Lite Survival Collection/Models/SM_Barrel_Closed_01_A.fbx using Guid(5268200bc6db80845af09eb0823e211e) Importer(815301076,1909f56bfc062723c751e8b465ee728b)  -> (artifact id: '7b2d6539753fa8c98fc17d207c5c581d') in 0.026789 seconds 
Number of asset objects unloaded after import = 7
========================================================================
Received Import Request.
  Time since last request: 0.000018 seconds.
  path: Assets/Cutscene/Rocks/mesh/rock1_LOD1.fbx
  artifactKey: Guid(7c076eb1f10273a44ab220dfdc930e2b) Importer(815301076,1909f56bfc062723c751e8b465ee728b)
Number of updated assets reloaded before import = 0
Start importing Assets/Cutscene/Rocks/mesh/rock1_LOD1.fbx using Guid(7c076eb1f10273a44ab220dfdc930e2b) Importer(815301076,1909f56bfc062723c751e8b465ee728b)  -> (artifact id: '8edef5ba3e661561321fea69587eebc3') in 0.031088 seconds 
Number of asset objects unloaded after import = 12
========================================================================
Received Import Request.
  Time since last request: 0.000017 seconds.
  path: Assets/Polygon-Lite Survival Collection/Models/SM_THREADS.fbx
  artifactKey: Guid(413a0409464fe4e49ade5c528420b4a1) Importer(815301076,1909f56bfc062723c751e8b465ee728b)
Number of updated assets reloaded before import = 0
Start importing Assets/Polygon-Lite Survival Collection/Models/SM_THREADS.fbx using Guid(413a0409464fe4e49ade5c528420b4a1) Importer(815301076,1909f56bfc062723c751e8b465ee728b)  -> (artifact id: '383ea723651b328271bc100f7689f451') in 0.027870 seconds 
Number of asset objects unloaded after import = 7
========================================================================
Received Import Request.
  Time since last request: 0.000016 seconds.
  path: Assets/Cutscene/Ocean/Models/NCGC_VAKTA/hull_proxy.FBX
  artifactKey: Guid(8ec5d0198ea7e184b91e68ad7a594e05) Importer(815301076,1909f56bfc062723c751e8b465ee728b)
Number of updated assets reloaded before import = 0
Start importing Assets/Cutscene/Ocean/Models/NCGC_VAKTA/hull_proxy.FBX using Guid(8ec5d0198ea7e184b91e68ad7a594e05) Importer(815301076,1909f56bfc062723c751e8b465ee728b)  -> (artifact id: '44f2101381140da812b3d8b579372b6a') in 0.023862 seconds 
Number of asset objects unloaded after import = 7
========================================================================
Received Import Request.
  Time since last request: 0.000019 seconds.
  path: Assets/Polygon-Lite Survival Collection/Models/Meat_01.fbx
  artifactKey: Guid(b89b6237d7d126647884ce2160c115f2) Importer(815301076,1909f56bfc062723c751e8b465ee728b)
Number of updated assets reloaded before import = 0
Start importing Assets/Polygon-Lite Survival Collection/Models/Meat_01.fbx using Guid(b89b6237d7d126647884ce2160c115f2) Importer(815301076,1909f56bfc062723c751e8b465ee728b)  -> (artifact id: 'e6f8895e61c5963370cfed9ad330c2ef') in 0.025679 seconds 
Number of asset objects unloaded after import = 7
========================================================================
Received Import Request.
  Time since last request: 0.000022 seconds.
  path: Assets/Polygon-Lite Survival Collection/Models/Flask.fbx
  artifactKey: Guid(0c70a1c8c591d1f4caf785297bccc393) Importer(815301076,1909f56bfc062723c751e8b465ee728b)
Number of updated assets reloaded before import = 0
Start importing Assets/Polygon-Lite Survival Collection/Models/Flask.fbx using Guid(0c70a1c8c591d1f4caf785297bccc393) Importer(815301076,1909f56bfc062723c751e8b465ee728b)  -> (artifact id: 'cf5e36d1571eec0193a660d81b0c33f1') in 0.026750 seconds 
Number of asset objects unloaded after import = 7
========================================================================
Received Import Request.
  Time since last request: 0.000029 seconds.
  path: Assets/Polygon-Lite Survival Collection/Models/SM_Pallet_03.fbx
  artifactKey: Guid(a4e716dc033017f4b8f3fe9be3dd65cc) Importer(815301076,1909f56bfc062723c751e8b465ee728b)
Number of updated assets reloaded before import = 0
Start importing Assets/Polygon-Lite Survival Collection/Models/SM_Pallet_03.fbx using Guid(a4e716dc033017f4b8f3fe9be3dd65cc) Importer(815301076,1909f56bfc062723c751e8b465ee728b)  -> (artifact id: 'c08682ae68489c0777eddf0b9ba6a3d0') in 0.026668 seconds 
Number of asset objects unloaded after import = 7
========================================================================
Received Import Request.
  Time since last request: 0.000018 seconds.
  path: Assets/Cutscene/Rocks/mesh/rock4_LOD2.fbx
  artifactKey: Guid(3e0e689754be2b24ca3288f9bad7aa61) Importer(815301076,1909f56bfc062723c751e8b465ee728b)
Number of updated assets reloaded before import = 0
Start importing Assets/Cutscene/Rocks/mesh/rock4_LOD2.fbx using Guid(3e0e689754be2b24ca3288f9bad7aa61) Importer(815301076,1909f56bfc062723c751e8b465ee728b)  -> (artifact id: '1552f466bf993c1458171021986b7c08') in 0.028231 seconds 
Number of asset objects unloaded after import = 12
========================================================================
Received Import Request.
  Time since last request: 0.000018 seconds.
  path: Assets/ithappy/Animals_FREE/Meshes/Chicken_001.fbx
  artifactKey: Guid(605d0caffe3b2fe489bc37e772cb7496) Importer(815301076,1909f56bfc062723c751e8b465ee728b)
Number of updated assets reloaded before import = 0
Start importing Assets/ithappy/Animals_FREE/Meshes/Chicken_001.fbx using Guid(605d0caffe3b2fe489bc37e772cb7496) Importer(815301076,1909f56bfc062723c751e8b465ee728b)  -> (artifact id: '0a5a2e8cda009ca73b81f83a6692d36a') in 0.031999 seconds 
Number of asset objects unloaded after import = 79
========================================================================
Received Import Request.
  Time since last request: 0.000019 seconds.
  path: Assets/Chicken Piece Pack/Models/plate 2.fbx
  artifactKey: Guid(3634bb4bdfdb858448538d16d18db57a) Importer(815301076,1909f56bfc062723c751e8b465ee728b)
Number of updated assets reloaded before import = 0
Start importing Assets/Chicken Piece Pack/Models/plate 2.fbx using Guid(3634bb4bdfdb858448538d16d18db57a) Importer(815301076,1909f56bfc062723c751e8b465ee728b)  -> (artifact id: '6fbfa6405d231b136c3ac4d179637725') in 0.075148 seconds 
Number of asset objects unloaded after import = 12
========================================================================
Received Import Request.
  Time since last request: 0.000019 seconds.
  path: Assets/Polygon-Lite Survival Collection/Models/SM_Muffler_04.fbx
  artifactKey: Guid(ff1ba4cc01c75b84bbe33098192de74c) Importer(815301076,1909f56bfc062723c751e8b465ee728b)
Number of updated assets reloaded before import = 0
Start importing Assets/Polygon-Lite Survival Collection/Models/SM_Muffler_04.fbx using Guid(ff1ba4cc01c75b84bbe33098192de74c) Importer(815301076,1909f56bfc062723c751e8b465ee728b)  -> (artifact id: '711a8079a05d7f3eecc179c2805a8751') in 0.023451 seconds 
Number of asset objects unloaded after import = 7
========================================================================
Received Import Request.
  Time since last request: 0.000018 seconds.
  path: Assets/Polygon-Lite Survival Collection/Models/SM_Woods_03.fbx
  artifactKey: Guid(24caef715a3de7e468da370d55781816) Importer(815301076,1909f56bfc062723c751e8b465ee728b)
Number of updated assets reloaded before import = 0
Start importing Assets/Polygon-Lite Survival Collection/Models/SM_Woods_03.fbx using Guid(24caef715a3de7e468da370d55781816) Importer(815301076,1909f56bfc062723c751e8b465ee728b)  -> (artifact id: '594e6e5111d10c8945561ed67b261954') in 0.027698 seconds 
Number of asset objects unloaded after import = 7
========================================================================
Received Import Request.
  Time since last request: 0.000022 seconds.
  path: Assets/Polygon-Lite Survival Collection/Models/SM_FLATCHE.fbx
  artifactKey: Guid(34aa33e6e98a0ab46aacad99f49ade21) Importer(815301076,1909f56bfc062723c751e8b465ee728b)
Number of updated assets reloaded before import = 0
Start importing Assets/Polygon-Lite Survival Collection/Models/SM_FLATCHE.fbx using Guid(34aa33e6e98a0ab46aacad99f49ade21) Importer(815301076,1909f56bfc062723c751e8b465ee728b)  -> (artifact id: '93513c61f002409d4cc951dc5043410a') in 0.025502 seconds 
Number of asset objects unloaded after import = 7
========================================================================
Received Import Request.
  Time since last request: 0.000029 seconds.
  path: Assets/Cutscene/Rocks/mesh/rock3_LOD0.fbx
  artifactKey: Guid(413339dbbc52e4e44a563d9f8e19340c) Importer(815301076,1909f56bfc062723c751e8b465ee728b)
Number of updated assets reloaded before import = 0
Start importing Assets/Cutscene/Rocks/mesh/rock3_LOD0.fbx using Guid(413339dbbc52e4e44a563d9f8e19340c) Importer(815301076,1909f56bfc062723c751e8b465ee728b)  -> (artifact id: 'a6b5c32e5a01f8db78308e6ec7666959') in 0.028100 seconds 
Number of asset objects unloaded after import = 12
========================================================================
Received Import Request.
  Time since last request: 0.000020 seconds.
  path: Assets/Polygon-Lite Survival Collection/Models/SM_Woods_02.fbx
  artifactKey: Guid(2c781903cc9332149b59e0c0cbc0ef70) Importer(815301076,1909f56bfc062723c751e8b465ee728b)
Number of updated assets reloaded before import = 0
Start importing Assets/Polygon-Lite Survival Collection/Models/SM_Woods_02.fbx using Guid(2c781903cc9332149b59e0c0cbc0ef70) Importer(815301076,1909f56bfc062723c751e8b465ee728b)  -> (artifact id: 'e442460c74c1d45cceece2d69017aa7f') in 0.027576 seconds 
Number of asset objects unloaded after import = 7
Editor requested this worker to shutdown with reason: Scaling down because of idle timeout
AssetImportWorker is now disconnected from the server
Process exiting
Exiting without the bug reporter. Application will terminate with return code 0