Using pre-set license
Built from '2021.3/staging' branch; Version is '2021.3.39f1 (fb3b7b32f191) revision 16464763'; Using compiler version '192829333'; Build Type 'Release'
OS: 'Windows 10  (10.0.19044) 64bit EnterpriseS' Language: 'en' Physical Memory: 32456 MB
BatchMode: 1, IsHumanControllingUs: 0, StartBugReporterOnCrash: 0, Is64bit: 1, IsPro: 1

COMMAND LINE ARGUMENTS:
C:\Program Files\Unity\Hub\Editor\2021.3.39f1\Editor\Unity.exe
-adb2
-batchMode
-noUpm
-name
AssetImportWorker2
-projectPath
C:/Users/202100559/Downloads/BEYONDTHEWRECK environment/BEYONDTHEWRECK/BEYOND THE WRECK
-logFile
Logs/AssetImportWorker2.log
-srvPort
62968
Successfully changed project path to: C:/Users/202100559/Downloads/BEYONDTHEWRECK environment/BEYONDTHEWRECK/BEYOND THE WRECK
C:/Users/202100559/Downloads/BEYONDTHEWRECK environment/BEYONDTHEWRECK/BEYOND THE WRECK
[UnityMemory] Configuration Parameters - Can be set up in boot.config
    "memorysetup-bucket-allocator-granularity=16"
    "memorysetup-bucket-allocator-bucket-count=8"
    "memorysetup-bucket-allocator-block-size=33554432"
    "memorysetup-bucket-allocator-block-count=8"
    "memorysetup-main-allocator-block-size=16777216"
    "memorysetup-thread-allocator-block-size=16777216"
    "memorysetup-gfx-main-allocator-block-size=16777216"
    "memorysetup-gfx-thread-allocator-block-size=16777216"
    "memorysetup-cache-allocator-block-size=4194304"
    "memorysetup-typetree-allocator-block-size=2097152"
    "memorysetup-profiler-bucket-allocator-granularity=16"
    "memorysetup-profiler-bucket-allocator-bucket-count=8"
    "memorysetup-profiler-bucket-allocator-block-size=33554432"
    "memorysetup-profiler-bucket-allocator-block-count=8"
    "memorysetup-profiler-allocator-block-size=16777216"
    "memorysetup-profiler-editor-allocator-block-size=1048576"
    "memorysetup-temp-allocator-size-main=16777216"
    "memorysetup-job-temp-allocator-block-size=2097152"
    "memorysetup-job-temp-allocator-block-size-background=1048576"
    "memorysetup-job-temp-allocator-reduction-small-platforms=262144"
    "memorysetup-temp-allocator-size-background-worker=32768"
    "memorysetup-temp-allocator-size-job-worker=262144"
    "memorysetup-temp-allocator-size-preload-manager=33554432"
    "memorysetup-temp-allocator-size-nav-mesh-worker=65536"
    "memorysetup-temp-allocator-size-audio-worker=65536"
    "memorysetup-temp-allocator-size-cloud-worker=32768"
    "memorysetup-temp-allocator-size-gi-baking-worker=262144"
    "memorysetup-temp-allocator-size-gfx=262144"
Player connection [9444] Host "[IP] 10.25.2.47 [Port] 0 [Flags] 2 [Guid] 2457790651 [EditorId] 2457790651 [Version] 1048832 [Id] WindowsEditor(7,CB-25-137-21) [Debug] 1 [PackageName] WindowsEditor [ProjectName] Editor" joined multi-casting on [225.0.0.222:54997]...

Player connection [9444] Host "[IP] 10.25.2.47 [Port] 0 [Flags] 2 [Guid] 2457790651 [EditorId] 2457790651 [Version] 1048832 [Id] WindowsEditor(7,CB-25-137-21) [Debug] 1 [PackageName] WindowsEditor [ProjectName] Editor" joined alternative multi-casting on [225.0.0.222:34997]...

[Physics::Module] Initialized MultithreadedJobDispatcher with {0} workers.
Refreshing native plugins compatible for Editor in 94.25 ms, found 3 plugins.
Preloading 0 native plugins for Editor in 0.00 ms.
Initialize engine version: 2021.3.39f1 (fb3b7b32f191)
[Subsystems] Discovering subsystems at path C:/Program Files/Unity/Hub/Editor/2021.3.39f1/Editor/Data/Resources/UnitySubsystems
[Subsystems] Discovering subsystems at path C:/Users/202100559/Downloads/BEYONDTHEWRECK environment/BEYONDTHEWRECK/BEYOND THE WRECK/Assets
GfxDevice: creating device client; threaded=0; jobified=0
Direct3D:
    Version:  Direct3D 11.0 [level 11.1]
    Renderer: AMD Radeon RX 6500 (ID=0x743f)
    Vendor:   ATI
    VRAM:     4051 MB
    Driver:   31.0.21024.3006
Initialize mono
Mono path[0] = 'C:/Program Files/Unity/Hub/Editor/2021.3.39f1/Editor/Data/Managed'
Mono path[1] = 'C:/Program Files/Unity/Hub/Editor/2021.3.39f1/Editor/Data/MonoBleedingEdge/lib/mono/unityjit-win32'
Mono config path = 'C:/Program Files/Unity/Hub/Editor/2021.3.39f1/Editor/Data/MonoBleedingEdge/etc'
Using monoOptions --debugger-agent=transport=dt_socket,embedding=1,server=y,suspend=n,address=127.0.0.1:56604
Begin MonoManager ReloadAssembly
Registering precompiled unity dll's ...
Register platform support module: C:/Program Files/Unity/Hub/Editor/2021.3.39f1/Editor/Data/PlaybackEngines/WindowsStandaloneSupport/UnityEditor.WindowsStandalone.Extensions.dll
Registered in 0.007628 seconds.
Native extension for WindowsStandalone target not found
Refreshing native plugins compatible for Editor in 85.45 ms, found 3 plugins.
Preloading 0 native plugins for Editor in 0.00 ms.
Mono: successfully reloaded assembly
- Completed reload, in  0.688 seconds
Domain Reload Profiling:
	ReloadAssembly (688ms)
		BeginReloadAssembly (106ms)
			ExecutionOrderSort (0ms)
			DisableScriptedObjects (0ms)
			BackupInstance (0ms)
			ReleaseScriptingObjects (0ms)
			CreateAndSetChildDomain (1ms)
		EndReloadAssembly (475ms)
			LoadAssemblies (103ms)
			RebuildTransferFunctionScriptingTraits (0ms)
			SetupTypeCache (104ms)
			ReleaseScriptCaches (0ms)
			RebuildScriptCaches (30ms)
			SetupLoadedEditorAssemblies (296ms)
				LogAssemblyErrors (0ms)
				InitializePlatformSupportModulesInManaged (9ms)
				SetLoadedEditorAssemblies (0ms)
				RefreshPlugins (86ms)
				BeforeProcessingInitializeOnLoad (2ms)
				ProcessInitializeOnLoadAttributes (148ms)
				ProcessInitializeOnLoadMethodAttributes (52ms)
				AfterProcessingInitializeOnLoad (0ms)
				EditorAssembliesLoaded (0ms)
			ExecutionOrderSort2 (0ms)
			AwakeInstancesAfterBackupRestoration (0ms)
Platform modules already initialized, skipping
Registering precompiled user dll's ...
Registered in 0.008176 seconds.
Begin MonoManager ReloadAssembly
Native extension for WindowsStandalone target not found
Refreshing native plugins compatible for Editor in 0.58 ms, found 3 plugins.
Preloading 0 native plugins for Editor in 0.00 ms.
Package Manager log level set to [2]
[Package Manager] Server::EnsureServerProcessIsRunning -- launch failed, reason: Unity was launched with the -noUpm command-line argument
[Package Manager] Cannot connect to Unity Package Manager local server
Mono: successfully reloaded assembly
- Completed reload, in  1.452 seconds
Domain Reload Profiling:
	ReloadAssembly (1453ms)
		BeginReloadAssembly (145ms)
			ExecutionOrderSort (0ms)
			DisableScriptedObjects (7ms)
			BackupInstance (0ms)
			ReleaseScriptingObjects (0ms)
			CreateAndSetChildDomain (17ms)
		EndReloadAssembly (1192ms)
			LoadAssemblies (105ms)
			RebuildTransferFunctionScriptingTraits (0ms)
			SetupTypeCache (262ms)
			ReleaseScriptCaches (0ms)
			RebuildScriptCaches (61ms)
			SetupLoadedEditorAssemblies (748ms)
				LogAssemblyErrors (0ms)
				InitializePlatformSupportModulesInManaged (6ms)
				SetLoadedEditorAssemblies (1ms)
				RefreshPlugins (1ms)
				BeforeProcessingInitializeOnLoad (87ms)
				ProcessInitializeOnLoadAttributes (620ms)
				ProcessInitializeOnLoadMethodAttributes (26ms)
				AfterProcessingInitializeOnLoad (9ms)
				EditorAssembliesLoaded (0ms)
			ExecutionOrderSort2 (0ms)
			AwakeInstancesAfterBackupRestoration (7ms)
Platform modules already initialized, skipping
========================================================================
Worker process is ready to serve import requests
Launched and connected shader compiler UnityShaderCompiler.exe after 0.04 seconds
Refreshing native plugins compatible for Editor in 0.59 ms, found 3 plugins.
Preloading 0 native plugins for Editor in 0.00 ms.
Unloading 3159 Unused Serialized files (Serialized files now loaded: 0)
Unloading 26 unused Assets / (53.6 KB). Loaded Objects now: 3659.
Memory consumption went from 155.7 MB to 155.6 MB.
Total: 2.831000 ms (FindLiveObjects: 0.383700 ms CreateObjectMapping: 0.089100 ms MarkObjects: 2.264800 ms  DeleteObjects: 0.088200 ms)

AssetImportParameters requested are different than current active one (requested -> active):
  custom:video-decoder-ogg-theora: a1e56fd34408186e4bbccfd4996cb3dc -> 
  custom:container-muxer-webm: aa71ff27fc2769a1b78a27578f13a17b -> 
  custom:container-demuxer-webm: 4f35f7cbe854078d1ac9338744f61a02 -> 
  custom:video-encoder-webm-vp8: eb34c28f22e8b96e1ab97ce403110664 -> 
  custom:CustomObjectIndexerAttribute: bc11b3a6c3213fcdd17b65e7da85e133 -> 
  custom:audio-encoder-webm-vorbis: bf7c407c2cedff20999df2af8eb42d56 -> 
  custom:framework-win-MediaFoundation: 216162199b28c13a410421893ffa2e32 -> 
  custom:SearchIndexIgnoredProperties: e643bd26f0fe6173181afceb89e7c659 -> 
  custom:container-demuxer-ogg: 62fdf1f143b41e24485cea50d1cbac27 -> 
  custom:video-decoder-webm-vp8: 9c59270c3fd7afecdb556c50c9e8de78 -> 
  custom:audio-decoder-ogg-vorbis: bf7c407c2cedff20999df2af8eb42d56 -> 
========================================================================
Received Import Request.
  Time since last request: 4847550.626930 seconds.
  path: Assets/Cutscene/Ocean/Shaders/foam2bc.jpg
  artifactKey: Guid(4655220673b9a4b4185513be7163ed66) Importer(815301076,1909f56bfc062723c751e8b465ee728b)
Number of updated assets reloaded before import = 0
Start importing Assets/Cutscene/Ocean/Shaders/foam2bc.jpg using Guid(4655220673b9a4b4185513be7163ed66) Importer(815301076,1909f56bfc062723c751e8b465ee728b)  -> (artifact id: '31abe769071bb84dae875901c0d9148a') in 0.089958 seconds 
Number of asset objects unloaded after import = 2
========================================================================
Received Import Request.
  Time since last request: 24.915337 seconds.
  path: Assets/_TerrainAutoUpgrade/layer_Terr_Cliff_Rock_DiffuseTerr_Cliff_Rock_Normal3d3aba195e4d26ee.terrainlayer
  artifactKey: Guid(256220b0db82e6e488483d1c2771987f) Importer(815301076,1909f56bfc062723c751e8b465ee728b)
Number of updated assets reloaded before import = 0
Start importing Assets/_TerrainAutoUpgrade/layer_Terr_Cliff_Rock_DiffuseTerr_Cliff_Rock_Normal3d3aba195e4d26ee.terrainlayer using Guid(256220b0db82e6e488483d1c2771987f) Importer(815301076,1909f56bfc062723c751e8b465ee728b)  -> (artifact id: '63eeb0deef117bb822348c25b07a2c32') in 0.057177 seconds 
Number of asset objects unloaded after import = 4
========================================================================
Received Import Request.
  Time since last request: 5.211159 seconds.
  path: Assets/Cutscene/Sky/Night MoonBurst/AllSky_Night_MoonBurst Equirect.png
  artifactKey: Guid(34a763168147f4182a21b9fd004d67de) Importer(815301076,1909f56bfc062723c751e8b465ee728b)
Number of updated assets reloaded before import = 0
Start importing Assets/Cutscene/Sky/Night MoonBurst/AllSky_Night_MoonBurst Equirect.png using Guid(34a763168147f4182a21b9fd004d67de) Importer(815301076,1909f56bfc062723c751e8b465ee728b)  -> (artifact id: 'f0e7b8fdc8fb5d4500005a2cf7ba17a9') in 0.080767 seconds 
Number of asset objects unloaded after import = 1
========================================================================
Received Import Request.
  Time since last request: 2.201659 seconds.
  path: Assets/Chicken Piece Pack/Texture/Chicken Piece/standard/chicken leg piece_AlbedoTransparency.png
  artifactKey: Guid(434e7e186b6b78f4493e4878d84c472f) Importer(815301076,1909f56bfc062723c751e8b465ee728b)
Number of updated assets reloaded before import = 0
Start importing Assets/Chicken Piece Pack/Texture/Chicken Piece/standard/chicken leg piece_AlbedoTransparency.png using Guid(434e7e186b6b78f4493e4878d84c472f) Importer(815301076,1909f56bfc062723c751e8b465ee728b)  -> (artifact id: '3956cee153cf65225c5934c3ef5d11d1') in 0.040586 seconds 
Number of asset objects unloaded after import = 2
========================================================================
Received Import Request.
  Time since last request: 69.439775 seconds.
  path: Assets/Running.fbx
  artifactKey: Guid(52fcebc2c7478834aa5c1cf7401fd203) Importer(815301076,1909f56bfc062723c751e8b465ee728b)
Number of updated assets reloaded before import = 0
Start importing Assets/Running.fbx using Guid(52fcebc2c7478834aa5c1cf7401fd203) Importer(815301076,1909f56bfc062723c751e8b465ee728b)  -> (artifact id: '046a36db613f0cde0c2d7486c5353fa7') in 0.172251 seconds 
Number of asset objects unloaded after import = 163
========================================================================
Received Import Request.
  Time since last request: 0.261341 seconds.
  path: Assets/Idle.fbx
  artifactKey: Guid(e865757cc82724441a84d804e4b1e1e2) Importer(815301076,1909f56bfc062723c751e8b465ee728b)
Number of updated assets reloaded before import = 0
Start importing Assets/Idle.fbx using Guid(e865757cc82724441a84d804e4b1e1e2) Importer(815301076,1909f56bfc062723c751e8b465ee728b)  -> (artifact id: '5508764a64e362afa7d71bb2935f2734') in 0.113028 seconds 
Number of asset objects unloaded after import = 163
========================================================================
Received Import Request.
  Time since last request: 1.227070 seconds.
  path: Assets/Jump.fbx
  artifactKey: Guid(b6f3bfec01587e240bae13d2b814efcf) Importer(815301076,1909f56bfc062723c751e8b465ee728b)
Number of updated assets reloaded before import = 0
Start importing Assets/Jump.fbx using Guid(b6f3bfec01587e240bae13d2b814efcf) Importer(815301076,1909f56bfc062723c751e8b465ee728b)  -> (artifact id: 'bf4a45ab8530f0ae07593457f9649cf4') in 0.130358 seconds 
Number of asset objects unloaded after import = 163
========================================================================
Received Import Request.
  Time since last request: 2.665546 seconds.
  path: Assets/Look Around.fbx
  artifactKey: Guid(002ff5f7d96061b4180995cd3e3d9e8b) Importer(815301076,1909f56bfc062723c751e8b465ee728b)
Number of updated assets reloaded before import = 0
Start importing Assets/Look Around.fbx using Guid(002ff5f7d96061b4180995cd3e3d9e8b) Importer(815301076,1909f56bfc062723c751e8b465ee728b)  -> (artifact id: '1a97d6e4a8cc9330405975387c2fe379') in 0.149965 seconds 
Number of asset objects unloaded after import = 163
========================================================================
Received Import Request.
  Time since last request: 0.000023 seconds.
  path: Assets/Wolf_Animated/Model/Wolf_run.FBX
  artifactKey: Guid(d1b2a85e71b56e548bda97f53cb9ff45) Importer(815301076,1909f56bfc062723c751e8b465ee728b)
Number of updated assets reloaded before import = 0
Start importing Assets/Wolf_Animated/Model/Wolf_run.FBX using Guid(d1b2a85e71b56e548bda97f53cb9ff45) Importer(815301076,1909f56bfc062723c751e8b465ee728b)  -> (artifact id: '19ac2495308d359fa0831d7383139a3c') in 0.065339 seconds 
Number of asset objects unloaded after import = 86
========================================================================
Received Import Request.
  Time since last request: 0.000189 seconds.
  path: Assets/Jumping Down.fbx
  artifactKey: Guid(79c2e7f29829d214e907f1ee2ee9e161) Importer(815301076,1909f56bfc062723c751e8b465ee728b)
Number of updated assets reloaded before import = 0
Start importing Assets/Jumping Down.fbx using Guid(79c2e7f29829d214e907f1ee2ee9e161) Importer(815301076,1909f56bfc062723c751e8b465ee728b)  -> (artifact id: 'c0988941d80da5736f89dc59fbb93929') in 0.149480 seconds 
Number of asset objects unloaded after import = 163
========================================================================
Received Import Request.
  Time since last request: 0.000022 seconds.
  path: Assets/Cutscene/Rocks/mesh/rock2_LOD0.fbx
  artifactKey: Guid(5fe2f5cc1c7e6b542a0254c5b54176fa) Importer(815301076,1909f56bfc062723c751e8b465ee728b)
Number of updated assets reloaded before import = 0
Start importing Assets/Cutscene/Rocks/mesh/rock2_LOD0.fbx using Guid(5fe2f5cc1c7e6b542a0254c5b54176fa) Importer(815301076,1909f56bfc062723c751e8b465ee728b)  -> (artifact id: 'fc809be1e2c577c183aac61900f08c81') in 0.098598 seconds 
Number of asset objects unloaded after import = 12
========================================================================
Received Import Request.
  Time since last request: 0.000020 seconds.
  path: Assets/Cutscene/Ocean/Models/NCGC_VAKTA/propellers.FBX
  artifactKey: Guid(1e68f9afcb1378e409eab829e13fc9a1) Importer(815301076,1909f56bfc062723c751e8b465ee728b)
Number of updated assets reloaded before import = 0
Start importing Assets/Cutscene/Ocean/Models/NCGC_VAKTA/propellers.FBX using Guid(1e68f9afcb1378e409eab829e13fc9a1) Importer(815301076,1909f56bfc062723c751e8b465ee728b)  -> (artifact id: 'aca1dc9dac2fbacbf7fccdbcec9b809b') in 0.076100 seconds 
Number of asset objects unloaded after import = 20
========================================================================
Received Import Request.
  Time since last request: 0.000026 seconds.
  path: Assets/Cutscene/Rocks/mesh/rock5_LOD2.fbx
  artifactKey: Guid(8414d8f854290ba4187559add5d51c3e) Importer(815301076,1909f56bfc062723c751e8b465ee728b)
Number of updated assets reloaded before import = 0
Start importing Assets/Cutscene/Rocks/mesh/rock5_LOD2.fbx using Guid(8414d8f854290ba4187559add5d51c3e) Importer(815301076,1909f56bfc062723c751e8b465ee728b)  -> (artifact id: '83d43f4b808fa5aa46fdb81ac4fd4c5f') in 0.070191 seconds 
Number of asset objects unloaded after import = 12
========================================================================
Received Import Request.
  Time since last request: 0.000019 seconds.
  path: Assets/Cutscene/Ocean/Models/Metal_drum/proxy.FBX
  artifactKey: Guid(ee86c1e202286444da9f950e33d5654a) Importer(815301076,1909f56bfc062723c751e8b465ee728b)
Number of updated assets reloaded before import = 0
Start importing Assets/Cutscene/Ocean/Models/Metal_drum/proxy.FBX using Guid(ee86c1e202286444da9f950e33d5654a) Importer(815301076,1909f56bfc062723c751e8b465ee728b)  -> (artifact id: '204ef7ea88efca94e691b36d4fd1b648') in 0.030892 seconds 
Number of asset objects unloaded after import = 7
========================================================================
Received Import Request.
  Time since last request: 0.000017 seconds.
  path: Assets/Wolf_Animated/Model/Wolf_attack2.FBX
  artifactKey: Guid(9c90dafe5a2310c40b7102fbcc05f67b) Importer(815301076,1909f56bfc062723c751e8b465ee728b)
Number of updated assets reloaded before import = 0
Start importing Assets/Wolf_Animated/Model/Wolf_attack2.FBX using Guid(9c90dafe5a2310c40b7102fbcc05f67b) Importer(815301076,1909f56bfc062723c751e8b465ee728b)  -> (artifact id: '8b9219f7beb69ba91c841ba967d62585') in 0.032913 seconds 
Number of asset objects unloaded after import = 86
========================================================================
Received Import Request.
  Time since last request: 0.000042 seconds.
  path: Assets/Cutscene/Rocks/mesh/rock3_LOD1.fbx
  artifactKey: Guid(b8a9670a25a6de74e8cab15d028d196d) Importer(815301076,1909f56bfc062723c751e8b465ee728b)
Number of updated assets reloaded before import = 0
Start importing Assets/Cutscene/Rocks/mesh/rock3_LOD1.fbx using Guid(b8a9670a25a6de74e8cab15d028d196d) Importer(815301076,1909f56bfc062723c751e8b465ee728b)  -> (artifact id: 'b86c2637e278c5d6332f0f375d92a9df') in 0.060155 seconds 
Number of asset objects unloaded after import = 12
========================================================================
Received Import Request.
  Time since last request: 0.000017 seconds.
  path: Assets/Polygon-Lite Survival Collection/Models/SM_Chuck_Pistol_Box_9_EMPTY.fbx
  artifactKey: Guid(9942aaf2e61908a4fa3b6a8939ff52f9) Importer(815301076,1909f56bfc062723c751e8b465ee728b)
Number of updated assets reloaded before import = 0
Start importing Assets/Polygon-Lite Survival Collection/Models/SM_Chuck_Pistol_Box_9_EMPTY.fbx using Guid(9942aaf2e61908a4fa3b6a8939ff52f9) Importer(815301076,1909f56bfc062723c751e8b465ee728b)  -> (artifact id: 'df1885afff1f729bfa3ff8a0ea14b9fe') in 0.041729 seconds 
Number of asset objects unloaded after import = 7
========================================================================
Received Import Request.
  Time since last request: 0.000022 seconds.
  path: Assets/Polygon-Lite Survival Collection/Models/Meat_02.fbx
  artifactKey: Guid(b0d616cdeed04b140a3fbb3063f5beea) Importer(815301076,1909f56bfc062723c751e8b465ee728b)
Number of updated assets reloaded before import = 0
Start importing Assets/Polygon-Lite Survival Collection/Models/Meat_02.fbx using Guid(b0d616cdeed04b140a3fbb3063f5beea) Importer(815301076,1909f56bfc062723c751e8b465ee728b)  -> (artifact id: '0cc009f8ea69027cf22818795f91be2c') in 0.025736 seconds 
Number of asset objects unloaded after import = 7
========================================================================
Received Import Request.
  Time since last request: 0.000027 seconds.
  path: Assets/Polygon-Lite Survival Collection/Models/SM_GAS_CYLINDER_02.fbx
  artifactKey: Guid(5270a6afc871e2349a22b548c09c19b2) Importer(815301076,1909f56bfc062723c751e8b465ee728b)
Number of updated assets reloaded before import = 0
Start importing Assets/Polygon-Lite Survival Collection/Models/SM_GAS_CYLINDER_02.fbx using Guid(5270a6afc871e2349a22b548c09c19b2) Importer(815301076,1909f56bfc062723c751e8b465ee728b)  -> (artifact id: 'bf610d6ee0a6fda3a31e6ad60b30e111') in 0.025899 seconds 
Number of asset objects unloaded after import = 7
========================================================================
Received Import Request.
  Time since last request: 0.000023 seconds.
  path: Assets/Wolf_Animated/Model/Wolf_howl.FBX
  artifactKey: Guid(996d5d2cd219c7e42abdb6c02409548c) Importer(815301076,1909f56bfc062723c751e8b465ee728b)
Number of updated assets reloaded before import = 0
Start importing Assets/Wolf_Animated/Model/Wolf_howl.FBX using Guid(996d5d2cd219c7e42abdb6c02409548c) Importer(815301076,1909f56bfc062723c751e8b465ee728b)  -> (artifact id: '38979b1f897e88653c739d202001076d') in 0.030628 seconds 
Number of asset objects unloaded after import = 86
========================================================================
Received Import Request.
  Time since last request: 0.000019 seconds.
  path: Assets/Polygon-Lite Survival Collection/Models/SM_Magazine_For_Army_Pistol_Empty.fbx
  artifactKey: Guid(1f9f83a8c0bf9e9498756f4454978095) Importer(815301076,1909f56bfc062723c751e8b465ee728b)
Number of updated assets reloaded before import = 0
Start importing Assets/Polygon-Lite Survival Collection/Models/SM_Magazine_For_Army_Pistol_Empty.fbx using Guid(1f9f83a8c0bf9e9498756f4454978095) Importer(815301076,1909f56bfc062723c751e8b465ee728b)  -> (artifact id: '304eb0b826932c0a1d96d7a0b5aa767e') in 0.031075 seconds 
Number of asset objects unloaded after import = 7
========================================================================
Received Import Request.
  Time since last request: 0.000018 seconds.
  path: Assets/ithappy/Animals_FREE/Meshes/Dog_001.fbx
  artifactKey: Guid(0c0f883d7bc25dd4d84c3c7795a4a332) Importer(815301076,1909f56bfc062723c751e8b465ee728b)
Number of updated assets reloaded before import = 0
Start importing Assets/ithappy/Animals_FREE/Meshes/Dog_001.fbx using Guid(0c0f883d7bc25dd4d84c3c7795a4a332) Importer(815301076,1909f56bfc062723c751e8b465ee728b)  -> (artifact id: '17e28727a924757ba55a4547fdd0d77f') in 0.062287 seconds 
Number of asset objects unloaded after import = 83
========================================================================
Received Import Request.
  Time since last request: 0.000018 seconds.
  path: Assets/Polygon-Lite Survival Collection/Models/SM_Sledgehammer.fbx
  artifactKey: Guid(e66d5815e4e8f524898a9293b5469855) Importer(815301076,1909f56bfc062723c751e8b465ee728b)
Number of updated assets reloaded before import = 0
Start importing Assets/Polygon-Lite Survival Collection/Models/SM_Sledgehammer.fbx using Guid(e66d5815e4e8f524898a9293b5469855) Importer(815301076,1909f56bfc062723c751e8b465ee728b)  -> (artifact id: '0d8254edc9ad0716c0c36ca10343cf29') in 0.025448 seconds 
Number of asset objects unloaded after import = 7
========================================================================
Received Import Request.
  Time since last request: 0.000019 seconds.
  path: Assets/Picking Up Object.fbx
  artifactKey: Guid(de6fccac2cb028841b6cb46e2efa00cf) Importer(815301076,1909f56bfc062723c751e8b465ee728b)
Number of updated assets reloaded before import = 0
Start importing Assets/Picking Up Object.fbx using Guid(de6fccac2cb028841b6cb46e2efa00cf) Importer(815301076,1909f56bfc062723c751e8b465ee728b)  -> (artifact id: 'd9afbe12b4f8457db44e441c918095b3') in 0.155832 seconds 
Number of asset objects unloaded after import = 163
========================================================================
Received Import Request.
  Time since last request: 0.000021 seconds.
  path: Assets/Cutscene/Rocks/mesh/rock5_LOD0.fbx
  artifactKey: Guid(9759fb3c5a5198e4b928b7cda7b8d139) Importer(815301076,1909f56bfc062723c751e8b465ee728b)
Number of updated assets reloaded before import = 0
Start importing Assets/Cutscene/Rocks/mesh/rock5_LOD0.fbx using Guid(9759fb3c5a5198e4b928b7cda7b8d139) Importer(815301076,1909f56bfc062723c751e8b465ee728b)  -> (artifact id: '93334a57b5b1bafff42a68221241f7c3') in 0.029637 seconds 
Number of asset objects unloaded after import = 12
========================================================================
Received Import Request.
  Time since last request: 0.000028 seconds.
  path: Assets/Cutscene/Sky/_AllSkyFreeDemoEnvironment/AllSky_DemoEnvironment_Center.fbx
  artifactKey: Guid(258cb4865d37b4292be3195af50aaa8c) Importer(815301076,1909f56bfc062723c751e8b465ee728b)
Number of updated assets reloaded before import = 0
Start importing Assets/Cutscene/Sky/_AllSkyFreeDemoEnvironment/AllSky_DemoEnvironment_Center.fbx using Guid(258cb4865d37b4292be3195af50aaa8c) Importer(815301076,1909f56bfc062723c751e8b465ee728b)  -> (artifact id: 'd6d3554233e18aa17c76a272cb953f85') in 0.042922 seconds 
Number of asset objects unloaded after import = 7
========================================================================
Received Import Request.
  Time since last request: 0.000015 seconds.
  path: Assets/Polygon-Lite Survival Collection/Models/SM_Collimator_Sight_A_01.fbx
  artifactKey: Guid(26460841deee7094682bcaf0c141ea20) Importer(815301076,1909f56bfc062723c751e8b465ee728b)
Number of updated assets reloaded before import = 0
Start importing Assets/Polygon-Lite Survival Collection/Models/SM_Collimator_Sight_A_01.fbx using Guid(26460841deee7094682bcaf0c141ea20) Importer(815301076,1909f56bfc062723c751e8b465ee728b)  -> (artifact id: '3ffdfbbd733a6925e9bc54e056e08d83') in 0.027021 seconds 
Number of asset objects unloaded after import = 7
========================================================================
Received Import Request.
  Time since last request: 0.000019 seconds.
  path: Assets/Cutscene/Rocks/mesh/rock1_LOD0.fbx
  artifactKey: Guid(395cce1cea808a54c8df538cf4ff0a21) Importer(815301076,1909f56bfc062723c751e8b465ee728b)
Number of updated assets reloaded before import = 0
Start importing Assets/Cutscene/Rocks/mesh/rock1_LOD0.fbx using Guid(395cce1cea808a54c8df538cf4ff0a21) Importer(815301076,1909f56bfc062723c751e8b465ee728b)  -> (artifact id: '288657f5b3529a49191bbdee379fd833') in 0.060932 seconds 
Number of asset objects unloaded after import = 12
========================================================================
Received Import Request.
  Time since last request: 0.000017 seconds.
  path: Assets/Polygon-Lite Survival Collection/Models/SM_Hammer.fbx
  artifactKey: Guid(b97a682b9deea6f4a9c2c726884c89f4) Importer(815301076,1909f56bfc062723c751e8b465ee728b)
Number of updated assets reloaded before import = 0
Start importing Assets/Polygon-Lite Survival Collection/Models/SM_Hammer.fbx using Guid(b97a682b9deea6f4a9c2c726884c89f4) Importer(815301076,1909f56bfc062723c751e8b465ee728b)  -> (artifact id: 'cb43ead763d50b6723d3674d506778e6') in 0.025879 seconds 
Number of asset objects unloaded after import = 7
========================================================================
Received Import Request.
  Time since last request: 0.000017 seconds.
  path: Assets/Cutscene/Rocks/mesh/rock2_LOD1.fbx
  artifactKey: Guid(82c6bc2e992926e4eadf809b9397b9a7) Importer(815301076,1909f56bfc062723c751e8b465ee728b)
Number of updated assets reloaded before import = 0
Start importing Assets/Cutscene/Rocks/mesh/rock2_LOD1.fbx using Guid(82c6bc2e992926e4eadf809b9397b9a7) Importer(815301076,1909f56bfc062723c751e8b465ee728b)  -> (artifact id: '0d8a5882a430428c63314de5415bd1ae') in 0.026725 seconds 
Number of asset objects unloaded after import = 12
========================================================================
Received Import Request.
  Time since last request: 0.000017 seconds.
  path: Assets/Wolf_Animated/Model/Wolf_eating.FBX
  artifactKey: Guid(0f5a509b697b8794384f46f24240f960) Importer(815301076,1909f56bfc062723c751e8b465ee728b)
Number of updated assets reloaded before import = 0
Start importing Assets/Wolf_Animated/Model/Wolf_eating.FBX using Guid(0f5a509b697b8794384f46f24240f960) Importer(815301076,1909f56bfc062723c751e8b465ee728b)  -> (artifact id: '40cb8ffe407e1842a447923b990aa303') in 0.032674 seconds 
Number of asset objects unloaded after import = 86
========================================================================
Received Import Request.
  Time since last request: 0.000021 seconds.
  path: Assets/Polygon-Lite Survival Collection/Models/SM_FIREWOOD.fbx
  artifactKey: Guid(5df2cd158efe7e046802b7942e599378) Importer(815301076,1909f56bfc062723c751e8b465ee728b)
Number of updated assets reloaded before import = 0
Start importing Assets/Polygon-Lite Survival Collection/Models/SM_FIREWOOD.fbx using Guid(5df2cd158efe7e046802b7942e599378) Importer(815301076,1909f56bfc062723c751e8b465ee728b)  -> (artifact id: '4b486f4232d4923cf5d3664c316d811c') in 0.029815 seconds 
Number of asset objects unloaded after import = 7
========================================================================
Received Import Request.
  Time since last request: 0.000029 seconds.
  path: Assets/Polygon-Lite Survival Collection/Models/SM_Butt_Of_The_Rifle_For_Special_Submachine_Gun_Clean.fbx
  artifactKey: Guid(92dc1f4fb14f0994d9dfb2a4ed551c9c) Importer(815301076,1909f56bfc062723c751e8b465ee728b)
Number of updated assets reloaded before import = 0
Start importing Assets/Polygon-Lite Survival Collection/Models/SM_Butt_Of_The_Rifle_For_Special_Submachine_Gun_Clean.fbx using Guid(92dc1f4fb14f0994d9dfb2a4ed551c9c) Importer(815301076,1909f56bfc062723c751e8b465ee728b)  -> (artifact id: 'a7ba0b300b60cf0a08994f97d1f4f18b') in 0.028987 seconds 
Number of asset objects unloaded after import = 7
========================================================================
Received Import Request.
  Time since last request: 0.000015 seconds.
  path: Assets/Polygon-Lite Survival Collection/Models/SM_Pallet_01.fbx
  artifactKey: Guid(23812c7450364f348b94df111a8a6213) Importer(815301076,1909f56bfc062723c751e8b465ee728b)
Number of updated assets reloaded before import = 0
Start importing Assets/Polygon-Lite Survival Collection/Models/SM_Pallet_01.fbx using Guid(23812c7450364f348b94df111a8a6213) Importer(815301076,1909f56bfc062723c751e8b465ee728b)  -> (artifact id: '973857612193cdf95556d8f21965a846') in 0.026745 seconds 
Number of asset objects unloaded after import = 7
========================================================================
Received Import Request.
  Time since last request: 0.000017 seconds.
  path: Assets/Polygon-Lite Survival Collection/Models/SM_Scrap_Metal_01.fbx
  artifactKey: Guid(675f9e2a8ff33444cbc498895b039dd3) Importer(815301076,1909f56bfc062723c751e8b465ee728b)
Number of updated assets reloaded before import = 0
Start importing Assets/Polygon-Lite Survival Collection/Models/SM_Scrap_Metal_01.fbx using Guid(675f9e2a8ff33444cbc498895b039dd3) Importer(815301076,1909f56bfc062723c751e8b465ee728b)  -> (artifact id: '662ed8cc98764d26cb056d6ae036fe93') in 0.027054 seconds 
Number of asset objects unloaded after import = 7
========================================================================
Received Import Request.
  Time since last request: 0.000016 seconds.
  path: Assets/ithappy/Animals_FREE/Meshes/Deer_001.fbx
  artifactKey: Guid(f612768321ebc364fa742fa8bbfadb5e) Importer(815301076,1909f56bfc062723c751e8b465ee728b)
Number of updated assets reloaded before import = 0
Start importing Assets/ithappy/Animals_FREE/Meshes/Deer_001.fbx using Guid(f612768321ebc364fa742fa8bbfadb5e) Importer(815301076,1909f56bfc062723c751e8b465ee728b)  -> (artifact id: '92339d1bcd3c89c15c6656517e5c283d') in 0.030927 seconds 
Number of asset objects unloaded after import = 81
========================================================================
Received Import Request.
  Time since last request: 0.000020 seconds.
  path: Assets/Polygon-Lite Survival Collection/Models/Medical_Kit.fbx
  artifactKey: Guid(c6468f1b90f616a449318c252b93051f) Importer(815301076,1909f56bfc062723c751e8b465ee728b)
Number of updated assets reloaded before import = 0
Start importing Assets/Polygon-Lite Survival Collection/Models/Medical_Kit.fbx using Guid(c6468f1b90f616a449318c252b93051f) Importer(815301076,1909f56bfc062723c751e8b465ee728b)  -> (artifact id: '3d5c708a9f33c9253ca8f7458ac33bc7') in 0.023937 seconds 
Number of asset objects unloaded after import = 7
========================================================================
Received Import Request.
  Time since last request: 0.000016 seconds.
  path: Assets/Polygon-Lite Survival Collection/Models/SM_Log_laying.fbx
  artifactKey: Guid(74eba7947f3105d4492bd23c4a539f99) Importer(815301076,1909f56bfc062723c751e8b465ee728b)
Number of updated assets reloaded before import = 0
Start importing Assets/Polygon-Lite Survival Collection/Models/SM_Log_laying.fbx using Guid(74eba7947f3105d4492bd23c4a539f99) Importer(815301076,1909f56bfc062723c751e8b465ee728b)  -> (artifact id: '61c8f833098c99d93b5adddf638662f0') in 0.026779 seconds 
Number of asset objects unloaded after import = 7
========================================================================
Received Import Request.
  Time since last request: 0.000017 seconds.
  path: Assets/Polygon-Lite Survival Collection/Models/Apple_01.fbx
  artifactKey: Guid(f0abf75740b4565418b9d7aa5cc19ca3) Importer(815301076,1909f56bfc062723c751e8b465ee728b)
Number of updated assets reloaded before import = 0
Start importing Assets/Polygon-Lite Survival Collection/Models/Apple_01.fbx using Guid(f0abf75740b4565418b9d7aa5cc19ca3) Importer(815301076,1909f56bfc062723c751e8b465ee728b)  -> (artifact id: '4c4f82fdb1dc002dc35cad78e1df8beb') in 0.027173 seconds 
Number of asset objects unloaded after import = 7
========================================================================
Received Import Request.
  Time since last request: 0.000020 seconds.
  path: Assets/Wolf_Animated/Model/Wolf_walk.FBX
  artifactKey: Guid(1021c3a1a114cd149aa3d292fe946e87) Importer(815301076,1909f56bfc062723c751e8b465ee728b)
Number of updated assets reloaded before import = 0
Start importing Assets/Wolf_Animated/Model/Wolf_walk.FBX using Guid(1021c3a1a114cd149aa3d292fe946e87) Importer(815301076,1909f56bfc062723c751e8b465ee728b)  -> (artifact id: 'ec3a84ac933193b309aa3f4a6d7c1b19') in 0.035350 seconds 
Number of asset objects unloaded after import = 86
========================================================================
Received Import Request.
  Time since last request: 0.000019 seconds.
  path: Assets/Cutscene/Ocean/Models/NCGC_VAKTA/floor_proxy.FBX
  artifactKey: Guid(a446eaa9722bc2745aba8eb140d20b0b) Importer(815301076,1909f56bfc062723c751e8b465ee728b)
Number of updated assets reloaded before import = 0
Start importing Assets/Cutscene/Ocean/Models/NCGC_VAKTA/floor_proxy.FBX using Guid(a446eaa9722bc2745aba8eb140d20b0b) Importer(815301076,1909f56bfc062723c751e8b465ee728b)  -> (artifact id: 'ac4a41326f7df635a66e6ae76af7fb57') in 0.024887 seconds 
Number of asset objects unloaded after import = 7
========================================================================
Received Import Request.
  Time since last request: 0.000026 seconds.
  path: Assets/Cutscene/Rocks/mesh/rock6_LOD1.fbx
  artifactKey: Guid(5405a12a60795b24abee3c451321bcb1) Importer(815301076,1909f56bfc062723c751e8b465ee728b)
Number of updated assets reloaded before import = 0
Start importing Assets/Cutscene/Rocks/mesh/rock6_LOD1.fbx using Guid(5405a12a60795b24abee3c451321bcb1) Importer(815301076,1909f56bfc062723c751e8b465ee728b)  -> (artifact id: '228466ed3346ab44c2f04c83d18b0a14') in 0.026279 seconds 
Number of asset objects unloaded after import = 12
========================================================================
Received Import Request.
  Time since last request: 0.000018 seconds.
  path: Assets/Polygon-Lite Survival Collection/Models/SM_FIREWOOD_LAYING.fbx
  artifactKey: Guid(68101e52a9abd4c4ca4428f1d43fab7e) Importer(815301076,1909f56bfc062723c751e8b465ee728b)
Number of updated assets reloaded before import = 0
Start importing Assets/Polygon-Lite Survival Collection/Models/SM_FIREWOOD_LAYING.fbx using Guid(68101e52a9abd4c4ca4428f1d43fab7e) Importer(815301076,1909f56bfc062723c751e8b465ee728b)  -> (artifact id: 'fef0f155c5b64ecb241738e884c7e89c') in 0.026239 seconds 
Number of asset objects unloaded after import = 7
========================================================================
Received Import Request.
  Time since last request: 0.000018 seconds.
  path: Assets/Polygon-Lite Survival Collection/Models/SM_Fishing_Rod.fbx
  artifactKey: Guid(a299e3c11d167104da0e6fa164084e76) Importer(815301076,1909f56bfc062723c751e8b465ee728b)
Number of updated assets reloaded before import = 0
Start importing Assets/Polygon-Lite Survival Collection/Models/SM_Fishing_Rod.fbx using Guid(a299e3c11d167104da0e6fa164084e76) Importer(815301076,1909f56bfc062723c751e8b465ee728b)  -> (artifact id: 'e54561a4c4c1cd2040ce841720469be0') in 0.038580 seconds 
Number of asset objects unloaded after import = 17
========================================================================
Received Import Request.
  Time since last request: 0.000019 seconds.
  path: Assets/Polygon-Lite Survival Collection/Models/SM_Chuck_Pistol_Box_9_CLOSED.fbx
  artifactKey: Guid(960c695c11b51b34a8f473b608aa3196) Importer(815301076,1909f56bfc062723c751e8b465ee728b)
Number of updated assets reloaded before import = 0
Start importing Assets/Polygon-Lite Survival Collection/Models/SM_Chuck_Pistol_Box_9_CLOSED.fbx using Guid(960c695c11b51b34a8f473b608aa3196) Importer(815301076,1909f56bfc062723c751e8b465ee728b)  -> (artifact id: '5410d3ac18df4fcdfce100b2188bd8c8') in 0.025363 seconds 
Number of asset objects unloaded after import = 7
========================================================================
Received Import Request.
  Time since last request: 0.000019 seconds.
  path: Assets/Polygon-Lite Survival Collection/Models/SM_Magazine_For_Special_Submachine_Gun.fbx
  artifactKey: Guid(44a85a5c9c57e7c4c9bf6f7d4f71de5e) Importer(815301076,1909f56bfc062723c751e8b465ee728b)
Number of updated assets reloaded before import = 0
Start importing Assets/Polygon-Lite Survival Collection/Models/SM_Magazine_For_Special_Submachine_Gun.fbx using Guid(44a85a5c9c57e7c4c9bf6f7d4f71de5e) Importer(815301076,1909f56bfc062723c751e8b465ee728b)  -> (artifact id: '2965892c78e0d31aaec76f9eeb63d1bc') in 0.022787 seconds 
Number of asset objects unloaded after import = 7
========================================================================
Received Import Request.
  Time since last request: 0.000019 seconds.
  path: Assets/Polygon-Lite Survival Collection/Models/Assembled_Tent_A.fbx
  artifactKey: Guid(f94c2828f003a00409630826d3f03b5c) Importer(815301076,1909f56bfc062723c751e8b465ee728b)
Number of updated assets reloaded before import = 0
Start importing Assets/Polygon-Lite Survival Collection/Models/Assembled_Tent_A.fbx using Guid(f94c2828f003a00409630826d3f03b5c) Importer(815301076,1909f56bfc062723c751e8b465ee728b)  -> (artifact id: 'd78bfc6ec7ccd340ea5c593fb691f796') in 0.024628 seconds 
Number of asset objects unloaded after import = 7
========================================================================
Received Import Request.
  Time since last request: 0.000020 seconds.
  path: Assets/Polygon-Lite Survival Collection/Models/SM_Magazine_For_Army_Pistol.fbx
  artifactKey: Guid(faf35e45031de1744b38f392782c3d72) Importer(815301076,1909f56bfc062723c751e8b465ee728b)
Number of updated assets reloaded before import = 0
Start importing Assets/Polygon-Lite Survival Collection/Models/SM_Magazine_For_Army_Pistol.fbx using Guid(faf35e45031de1744b38f392782c3d72) Importer(815301076,1909f56bfc062723c751e8b465ee728b)  -> (artifact id: 'd447b521ff67290755638cf39f3984aa') in 0.030930 seconds 
Number of asset objects unloaded after import = 7
========================================================================
Received Import Request.
  Time since last request: 0.000024 seconds.
  path: Assets/ithappy/Animals_FREE/Meshes/Pinguin_001.fbx
  artifactKey: Guid(a2ef474392ac74f409c70c61ccb6c24a) Importer(815301076,1909f56bfc062723c751e8b465ee728b)
Number of updated assets reloaded before import = 0
Start importing Assets/ithappy/Animals_FREE/Meshes/Pinguin_001.fbx using Guid(a2ef474392ac74f409c70c61ccb6c24a) Importer(815301076,1909f56bfc062723c751e8b465ee728b)  -> (artifact id: 'ab565611ed8af5e202564cb20a24bd65') in 0.029879 seconds 
Number of asset objects unloaded after import = 55
========================================================================
Received Import Request.
  Time since last request: 0.000027 seconds.
  path: Assets/Polygon-Lite Survival Collection/Models/SM_Vertical_Handle_01.fbx
  artifactKey: Guid(51b42342764a8ba418185d66d603b6aa) Importer(815301076,1909f56bfc062723c751e8b465ee728b)
Number of updated assets reloaded before import = 0
Start importing Assets/Polygon-Lite Survival Collection/Models/SM_Vertical_Handle_01.fbx using Guid(51b42342764a8ba418185d66d603b6aa) Importer(815301076,1909f56bfc062723c751e8b465ee728b)  -> (artifact id: '1ee830f204990d9b624fc8f88756ea0f') in 0.024499 seconds 
Number of asset objects unloaded after import = 7
========================================================================
Received Import Request.
  Time since last request: 0.000018 seconds.
  path: Assets/Wolf_Animated/Model/Wolf_attack1.FBX
  artifactKey: Guid(2ae66ac32e1086d4ca688205b6fad99e) Importer(815301076,1909f56bfc062723c751e8b465ee728b)
Number of updated assets reloaded before import = 0
Start importing Assets/Wolf_Animated/Model/Wolf_attack1.FBX using Guid(2ae66ac32e1086d4ca688205b6fad99e) Importer(815301076,1909f56bfc062723c751e8b465ee728b)  -> (artifact id: '25a6fd92a6f178e6fbe74f1679a3a331') in 0.035338 seconds 
Number of asset objects unloaded after import = 86
========================================================================
Received Import Request.
  Time since last request: 0.000018 seconds.
  path: Assets/Polygon-Lite Survival Collection/Models/Homemade_Medical_Splint.fbx
  artifactKey: Guid(27f2230ae424a774da3151968540aac8) Importer(815301076,1909f56bfc062723c751e8b465ee728b)
Number of updated assets reloaded before import = 0
Start importing Assets/Polygon-Lite Survival Collection/Models/Homemade_Medical_Splint.fbx using Guid(27f2230ae424a774da3151968540aac8) Importer(815301076,1909f56bfc062723c751e8b465ee728b)  -> (artifact id: 'e5ab9d4257161cd8a202e276f2e76a8a') in 0.026486 seconds 
Number of asset objects unloaded after import = 7
========================================================================
Received Import Request.
  Time since last request: 0.000018 seconds.
  path: Assets/Cutscene/Rocks/mesh/rock2_LOD2.fbx
  artifactKey: Guid(a6ec3703e29203d4cb67b94418cddab8) Importer(815301076,1909f56bfc062723c751e8b465ee728b)
Number of updated assets reloaded before import = 0
Start importing Assets/Cutscene/Rocks/mesh/rock2_LOD2.fbx using Guid(a6ec3703e29203d4cb67b94418cddab8) Importer(815301076,1909f56bfc062723c751e8b465ee728b)  -> (artifact id: '863e78069b09d7a5a5241f9c89b91492') in 0.028271 seconds 
Number of asset objects unloaded after import = 12
========================================================================
Received Import Request.
  Time since last request: 0.000017 seconds.
  path: Assets/Polygon-Lite Survival Collection/Models/Bandage.fbx
  artifactKey: Guid(69de5cf452d7f1643814adf0febb69f0) Importer(815301076,1909f56bfc062723c751e8b465ee728b)
Number of updated assets reloaded before import = 0
Start importing Assets/Polygon-Lite Survival Collection/Models/Bandage.fbx using Guid(69de5cf452d7f1643814adf0febb69f0) Importer(815301076,1909f56bfc062723c751e8b465ee728b)  -> (artifact id: 'b43d0930853d0def7a85bf29739e0e86') in 0.027021 seconds 
Number of asset objects unloaded after import = 7
========================================================================
Received Import Request.
  Time since last request: 0.000018 seconds.
  path: Assets/Polygon-Lite Survival Collection/Models/SM_Camping_Axe.fbx
  artifactKey: Guid(829b122512a90914986a375d72271b29) Importer(815301076,1909f56bfc062723c751e8b465ee728b)
Number of updated assets reloaded before import = 0
Start importing Assets/Polygon-Lite Survival Collection/Models/SM_Camping_Axe.fbx using Guid(829b122512a90914986a375d72271b29) Importer(815301076,1909f56bfc062723c751e8b465ee728b)  -> (artifact id: '7c2181a1a1e7b55e3541460583b53f70') in 0.031237 seconds 
Number of asset objects unloaded after import = 7
========================================================================
Received Import Request.
  Time since last request: 0.000019 seconds.
  path: Assets/Polygon-Lite Survival Collection/Models/SM_SKIN_FLATCHES.fbx
  artifactKey: Guid(8650681a82df6c94a91847d1b01ef643) Importer(815301076,1909f56bfc062723c751e8b465ee728b)
Number of updated assets reloaded before import = 0
Start importing Assets/Polygon-Lite Survival Collection/Models/SM_SKIN_FLATCHES.fbx using Guid(8650681a82df6c94a91847d1b01ef643) Importer(815301076,1909f56bfc062723c751e8b465ee728b)  -> (artifact id: '22fd166537defd090a52786c6a38fe4e') in 0.028023 seconds 
Number of asset objects unloaded after import = 7
========================================================================
Received Import Request.
  Time since last request: 0.000020 seconds.
  path: Assets/Cutscene/Ocean/Models/Metal_drum/mesh.FBX
  artifactKey: Guid(0ef1b923a99e5aa42b3417910350c3e3) Importer(815301076,1909f56bfc062723c751e8b465ee728b)
Number of updated assets reloaded before import = 0
Start importing Assets/Cutscene/Ocean/Models/Metal_drum/mesh.FBX using Guid(0ef1b923a99e5aa42b3417910350c3e3) Importer(815301076,1909f56bfc062723c751e8b465ee728b)  -> (artifact id: 'bbcafbe015e6fc953b454395ed5d60cb') in 0.024084 seconds 
Number of asset objects unloaded after import = 7
========================================================================
Received Import Request.
  Time since last request: 0.000026 seconds.
  path: Assets/Cutscene/Sky/_AllSkyFreeDemoEnvironment/AllSky_DemoEnvironment.fbx
  artifactKey: Guid(3ca2c2ce56b9e44f598f5de419ce4e8a) Importer(815301076,1909f56bfc062723c751e8b465ee728b)
Number of updated assets reloaded before import = 0
Start importing Assets/Cutscene/Sky/_AllSkyFreeDemoEnvironment/AllSky_DemoEnvironment.fbx using Guid(3ca2c2ce56b9e44f598f5de419ce4e8a) Importer(815301076,1909f56bfc062723c751e8b465ee728b)  -> (artifact id: '49e0ea8406e94a81dabd488d8ad503be') in 0.029378 seconds 
Number of asset objects unloaded after import = 7
========================================================================
Received Import Request.
  Time since last request: 0.000018 seconds.
  path: Assets/Cutscene/Sky/_AllSkyFreeDemoEnvironment/AllSky_DemoEnvironment_Light.fbx
  artifactKey: Guid(d9ad0f74d68824711bc800186cf63d22) Importer(815301076,1909f56bfc062723c751e8b465ee728b)
Number of updated assets reloaded before import = 0
Start importing Assets/Cutscene/Sky/_AllSkyFreeDemoEnvironment/AllSky_DemoEnvironment_Light.fbx using Guid(d9ad0f74d68824711bc800186cf63d22) Importer(815301076,1909f56bfc062723c751e8b465ee728b)  -> (artifact id: '283c6bd9a0af76cab6c3140fc8bc9b93') in 0.031355 seconds 
Number of asset objects unloaded after import = 9
========================================================================
Received Import Request.
  Time since last request: 0.000017 seconds.
  path: Assets/Polygon-Lite Survival Collection/Models/SM_GAS_CYLINDER_01.fbx
  artifactKey: Guid(087349fd802939e4c985a1f8c3ee6426) Importer(815301076,1909f56bfc062723c751e8b465ee728b)
Number of updated assets reloaded before import = 0
Start importing Assets/Polygon-Lite Survival Collection/Models/SM_GAS_CYLINDER_01.fbx using Guid(087349fd802939e4c985a1f8c3ee6426) Importer(815301076,1909f56bfc062723c751e8b465ee728b)  -> (artifact id: '16b9166d2511a7b0f259b5bcb15d47b7') in 0.024361 seconds 
Number of asset objects unloaded after import = 7
========================================================================
Received Import Request.
  Time since last request: 0.000019 seconds.
  path: Assets/Polygon-Lite Survival Collection/Models/Bonfire_01.fbx
  artifactKey: Guid(c498a631fed69f64ea4bf26cf636f1d1) Importer(815301076,1909f56bfc062723c751e8b465ee728b)
Number of updated assets reloaded before import = 0
Start importing Assets/Polygon-Lite Survival Collection/Models/Bonfire_01.fbx using Guid(c498a631fed69f64ea4bf26cf636f1d1) Importer(815301076,1909f56bfc062723c751e8b465ee728b)  -> (artifact id: 'e057b66d1297349c1b160149e19c0181') in 0.024562 seconds 
Number of asset objects unloaded after import = 7
========================================================================
Received Import Request.
  Time since last request: 0.000017 seconds.
  path: Assets/Cutscene/Ocean/Models/NCGC_VAKTA/NGCS_VAKTA.FBX
  artifactKey: Guid(21a099015a7b0c041be3c427de2df6ff) Importer(815301076,1909f56bfc062723c751e8b465ee728b)
Number of updated assets reloaded before import = 0
Start importing Assets/Cutscene/Ocean/Models/NCGC_VAKTA/NGCS_VAKTA.FBX using Guid(21a099015a7b0c041be3c427de2df6ff) Importer(815301076,1909f56bfc062723c751e8b465ee728b)  -> (artifact id: 'baea37d6ce90c5a58ba4e7359fe0b1cc') in 0.061305 seconds 
Number of asset objects unloaded after import = 48
========================================================================
Received Import Request.
  Time since last request: 0.000023 seconds.
  path: Assets/Wolf_Animated/Model/Wolf_sit.FBX
  artifactKey: Guid(0b5dafda84353d24281ce891b1ee70b9) Importer(815301076,1909f56bfc062723c751e8b465ee728b)
Number of updated assets reloaded before import = 0
Start importing Assets/Wolf_Animated/Model/Wolf_sit.FBX using Guid(0b5dafda84353d24281ce891b1ee70b9) Importer(815301076,1909f56bfc062723c751e8b465ee728b)  -> (artifact id: '1447e70cdca1f140269c0ab24cb5b7c1') in 0.033785 seconds 
Number of asset objects unloaded after import = 86
========================================================================
Received Import Request.
  Time since last request: 0.000018 seconds.
  path: Assets/Polygon-Lite Survival Collection/Models/SM_Log.fbx
  artifactKey: Guid(6bd982b9b51aeae4a9cb4b566b4da93f) Importer(815301076,1909f56bfc062723c751e8b465ee728b)
Number of updated assets reloaded before import = 0
Start importing Assets/Polygon-Lite Survival Collection/Models/SM_Log.fbx using Guid(6bd982b9b51aeae4a9cb4b566b4da93f) Importer(815301076,1909f56bfc062723c751e8b465ee728b)  -> (artifact id: '2affba00dd6bb687907dc91127133d8a') in 0.028958 seconds 
Number of asset objects unloaded after import = 7
========================================================================
Received Import Request.
  Time since last request: 0.000031 seconds.
  path: Assets/Polytope Studio/Lowpoly_Environments/Sources/Meshes/Rocks/PT_Ore_Rock_01_split.fbx
  artifactKey: Guid(e011a827265c38e44baeae9310a2a9e2) Importer(815301076,1909f56bfc062723c751e8b465ee728b)
Number of updated assets reloaded before import = 0
Start importing Assets/Polytope Studio/Lowpoly_Environments/Sources/Meshes/Rocks/PT_Ore_Rock_01_split.fbx using Guid(e011a827265c38e44baeae9310a2a9e2) Importer(815301076,1909f56bfc062723c751e8b465ee728b)  -> (artifact id: 'c784011913ded17b450ff5cd16571cad') in 0.095893 seconds 
Number of asset objects unloaded after import = 23
========================================================================
Received Import Request.
  Time since last request: 3.922044 seconds.
  path: Assets/ithappy/Animals_FREE/Meshes/Horse_001.fbx
  artifactKey: Guid(33246b64c1371e444b73335f655fc158) Importer(815301076,1909f56bfc062723c751e8b465ee728b)
Number of updated assets reloaded before import = 0
Start importing Assets/ithappy/Animals_FREE/Meshes/Horse_001.fbx using Guid(33246b64c1371e444b73335f655fc158) Importer(815301076,1909f56bfc062723c751e8b465ee728b)  -> (artifact id: '3683b45ca2d323a323ac94cd4498983f') in 0.044459 seconds 
Number of asset objects unloaded after import = 106
========================================================================
Received Import Request.
  Time since last request: 4.517178 seconds.
  path: Assets/Polytope Studio/Lowpoly_Environments/Sources/Meshes/Rocks/PT_Generic_Rock_01.fbx
  artifactKey: Guid(f226223b3a11d2d4b980aaa520301583) Importer(815301076,1909f56bfc062723c751e8b465ee728b)
Number of updated assets reloaded before import = 0
Start importing Assets/Polytope Studio/Lowpoly_Environments/Sources/Meshes/Rocks/PT_Generic_Rock_01.fbx using Guid(f226223b3a11d2d4b980aaa520301583) Importer(815301076,1909f56bfc062723c751e8b465ee728b)  -> (artifact id: 'c3ad2dc4eb01db205bf5f40abdd0a52b') in 0.062722 seconds 
Number of asset objects unloaded after import = 23
========================================================================
Received Import Request.
  Time since last request: 9.910465 seconds.
  path: Assets/Polygon-Lite Survival Collection/Models/SM_Canister_01.fbx
  artifactKey: Guid(a0dd0354caf5c0049b89be3049d07eb5) Importer(815301076,1909f56bfc062723c751e8b465ee728b)
Number of updated assets reloaded before import = 0
Start importing Assets/Polygon-Lite Survival Collection/Models/SM_Canister_01.fbx using Guid(a0dd0354caf5c0049b89be3049d07eb5) Importer(815301076,1909f56bfc062723c751e8b465ee728b)  -> (artifact id: 'af2c38ca7003956622ca713f96244f6f') in 0.033200 seconds 
Number of asset objects unloaded after import = 7
========================================================================
Received Import Request.
  Time since last request: 11.774707 seconds.
  path: Assets/Wolf_Animated/Model/Wolf_breathes.FBX
  artifactKey: Guid(89709d635456b1242ab79a25b48ee2d8) Importer(815301076,1909f56bfc062723c751e8b465ee728b)
Number of updated assets reloaded before import = 0
Start importing Assets/Wolf_Animated/Model/Wolf_breathes.FBX using Guid(89709d635456b1242ab79a25b48ee2d8) Importer(815301076,1909f56bfc062723c751e8b465ee728b)  -> (artifact id: 'c84ee2ed0c19ea106ff923b686eec115') in 0.042844 seconds 
Number of asset objects unloaded after import = 86
========================================================================
Received Import Request.
  Time since last request: 244.094091 seconds.
  path: Assets/Cutscene/Sky/Night MoonBurst/AllSky_Night_MoonBurst Equirect.mat
  artifactKey: Guid(51b74d7bad397457d883c5940f7664d8) Importer(815301076,1909f56bfc062723c751e8b465ee728b)
Number of updated assets reloaded before import = 0
Start importing Assets/Cutscene/Sky/Night MoonBurst/AllSky_Night_MoonBurst Equirect.mat using Guid(51b74d7bad397457d883c5940f7664d8) Importer(815301076,1909f56bfc062723c751e8b465ee728b)  -> (artifact id: '838ba88e290850eaed23daa0274060e6') in 0.068137 seconds 
Number of asset objects unloaded after import = 2
========================================================================
Received Import Request.
  Time since last request: 0.000023 seconds.
  path: Assets/Cutscene/Sky/Overcast Low/AllSky_Overcast4_Low Equirect.mat
  artifactKey: Guid(54fe2f000ad8f424fb63cc3ea0ae2bb2) Importer(815301076,1909f56bfc062723c751e8b465ee728b)
Number of updated assets reloaded before import = 0
Start importing Assets/Cutscene/Sky/Overcast Low/AllSky_Overcast4_Low Equirect.mat using Guid(54fe2f000ad8f424fb63cc3ea0ae2bb2) Importer(815301076,1909f56bfc062723c751e8b465ee728b)  -> (artifact id: 'c3888bcfedc78a66eaa6ed882a926ce8') in 0.061030 seconds 
Number of asset objects unloaded after import = 2
========================================================================
Received Import Request.
  Time since last request: 0.000023 seconds.
  path: Assets/Cutscene/Sky/_AllSkyFreeDemoEnvironment/Materials/AllSkyDemoEnv_Building.mat
  artifactKey: Guid(4ecd3f24879b0402c92f21617e3db5e1) Importer(815301076,1909f56bfc062723c751e8b465ee728b)
Number of updated assets reloaded before import = 0
Start importing Assets/Cutscene/Sky/_AllSkyFreeDemoEnvironment/Materials/AllSkyDemoEnv_Building.mat using Guid(4ecd3f24879b0402c92f21617e3db5e1) Importer(815301076,1909f56bfc062723c751e8b465ee728b)  -> (artifact id: 'a2693746d60bb39981a14f621e89ca47') in 0.024574 seconds 
Number of asset objects unloaded after import = 1
========================================================================
Received Import Request.
  Time since last request: 0.000029 seconds.
  path: Assets/Cutscene/Sky/Overcast Low/AllSky_Overcast4_Low.mat
  artifactKey: Guid(f2b5f3f20933f434e850db1b710542fd) Importer(815301076,1909f56bfc062723c751e8b465ee728b)
Number of updated assets reloaded before import = 0
Start importing Assets/Cutscene/Sky/Overcast Low/AllSky_Overcast4_Low.mat using Guid(f2b5f3f20933f434e850db1b710542fd) Importer(815301076,1909f56bfc062723c751e8b465ee728b)  -> (artifact id: '3e179dc5a4691320df5c7323a71bb73a') in 0.172952 seconds 
Number of asset objects unloaded after import = 7
========================================================================
Received Import Request.
  Time since last request: 1.406981 seconds.
  path: Assets/Cutscene/Sky/_AllSkyFreeDemoEnvironment/Materials/AllSkyDemoEnv_Landscape.mat
  artifactKey: Guid(010dd68491d1d4a1692a6d2272e5cb69) Importer(815301076,1909f56bfc062723c751e8b465ee728b)
Number of updated assets reloaded before import = 0
Start importing Assets/Cutscene/Sky/_AllSkyFreeDemoEnvironment/Materials/AllSkyDemoEnv_Landscape.mat using Guid(010dd68491d1d4a1692a6d2272e5cb69) Importer(815301076,1909f56bfc062723c751e8b465ee728b)  -> (artifact id: '0f64f00bdc3e522332f54a085400dff4') in 0.020195 seconds 
Number of asset objects unloaded after import = 1
========================================================================
Received Import Request.
  Time since last request: 0.561928 seconds.
  path: Assets/Cutscene/Sky/_AllSkyFreeDemoEnvironment/Materials/AllSkyDemoEnv_LightMetal.mat
  artifactKey: Guid(3e33a38e2349f447d9fb9ae62269009c) Importer(815301076,1909f56bfc062723c751e8b465ee728b)
Number of updated assets reloaded before import = 0
Start importing Assets/Cutscene/Sky/_AllSkyFreeDemoEnvironment/Materials/AllSkyDemoEnv_LightMetal.mat using Guid(3e33a38e2349f447d9fb9ae62269009c) Importer(815301076,1909f56bfc062723c751e8b465ee728b)  -> (artifact id: '51dedf70314bc230ed3db71e6413c309') in 0.020843 seconds 
Number of asset objects unloaded after import = 1
========================================================================
Received Import Request.
  Time since last request: 0.441775 seconds.
  path: Assets/Cutscene/Sky/_AllSkyFreeDemoEnvironment/Materials/AllSkyDemoEnv_Rock.mat
  artifactKey: Guid(bfe0cbb8b308b4a40a8f309f516eede2) Importer(815301076,1909f56bfc062723c751e8b465ee728b)
Number of updated assets reloaded before import = 0
Start importing Assets/Cutscene/Sky/_AllSkyFreeDemoEnvironment/Materials/AllSkyDemoEnv_Rock.mat using Guid(bfe0cbb8b308b4a40a8f309f516eede2) Importer(815301076,1909f56bfc062723c751e8b465ee728b)  -> (artifact id: '874373154ddf2ed3aedc8860b0127c1a') in 0.021797 seconds 
Number of asset objects unloaded after import = 1
========================================================================
Received Import Request.
  Time since last request: 0.439363 seconds.
  path: Assets/Cutscene/Sky/_AllSkyFreeDemoEnvironment/Materials/AllSkyDemoEnv_TreeLeaves.mat
  artifactKey: Guid(2f31f4440de60444b8dd94d4d64b3c00) Importer(815301076,1909f56bfc062723c751e8b465ee728b)
Number of updated assets reloaded before import = 0
Start importing Assets/Cutscene/Sky/_AllSkyFreeDemoEnvironment/Materials/AllSkyDemoEnv_TreeLeaves.mat using Guid(2f31f4440de60444b8dd94d4d64b3c00) Importer(815301076,1909f56bfc062723c751e8b465ee728b)  -> (artifact id: '81e06bf52b38ff5b38c8f8f35056701d') in 0.026834 seconds 
Number of asset objects unloaded after import = 1
========================================================================
Received Import Request.
  Time since last request: 0.000019 seconds.
  path: Assets/Cutscene/Sky/_AllSkyFreeDemoEnvironment/Materials/AllSkyDemoEnv_TreeTrunk.mat
  artifactKey: Guid(52d55542834f2465eb9aed460fd370de) Importer(815301076,1909f56bfc062723c751e8b465ee728b)
Number of updated assets reloaded before import = 0
Start importing Assets/Cutscene/Sky/_AllSkyFreeDemoEnvironment/Materials/AllSkyDemoEnv_TreeTrunk.mat using Guid(52d55542834f2465eb9aed460fd370de) Importer(815301076,1909f56bfc062723c751e8b465ee728b)  -> (artifact id: '131dc905e00b8798ee4558fa86097057') in 0.026383 seconds 
Number of asset objects unloaded after import = 1
========================================================================
Received Import Request.
  Time since last request: 3.397549 seconds.
  path: Assets/Cutscene/RainThunder/Materials/Circle01_AB_2.mat
  artifactKey: Guid(a11275e0ac9b67c49b1f1d2ebd643928) Importer(815301076,1909f56bfc062723c751e8b465ee728b)
Number of updated assets reloaded before import = 0
Start importing Assets/Cutscene/RainThunder/Materials/Circle01_AB_2.mat using Guid(a11275e0ac9b67c49b1f1d2ebd643928) Importer(815301076,1909f56bfc062723c751e8b465ee728b)  -> (artifact id: '0ce6c0c7eb92b3377d8f44300efdd0e8') in 0.048094 seconds 
Number of asset objects unloaded after import = 2
========================================================================
Received Import Request.
  Time since last request: 0.276739 seconds.
  path: Assets/Cutscene/Sky/Cold Sunset/Cold Sunset Equirect.mat
  artifactKey: Guid(01f4eb1c73693428d923f1520032e7f9) Importer(815301076,1909f56bfc062723c751e8b465ee728b)
Number of updated assets reloaded before import = 0
Start importing Assets/Cutscene/Sky/Cold Sunset/Cold Sunset Equirect.mat using Guid(01f4eb1c73693428d923f1520032e7f9) Importer(815301076,1909f56bfc062723c751e8b465ee728b)  -> (artifact id: 'dc3bc53ee6b2c249a5aa50cbbd4dba76') in 0.070414 seconds 
Number of asset objects unloaded after import = 2
========================================================================
Received Import Request.
  Time since last request: 1.070923 seconds.
  path: Assets/Cutscene/RainThunder/Materials/DistortedFlare01_AB.mat
  artifactKey: Guid(421e78f4ac395ed4d9d82e67feda29e0) Importer(815301076,1909f56bfc062723c751e8b465ee728b)
Number of updated assets reloaded before import = 0
Start importing Assets/Cutscene/RainThunder/Materials/DistortedFlare01_AB.mat using Guid(421e78f4ac395ed4d9d82e67feda29e0) Importer(815301076,1909f56bfc062723c751e8b465ee728b)  -> (artifact id: 'adde386d7d7b02eef37ee32b11906482') in 0.040783 seconds 
Number of asset objects unloaded after import = 2
========================================================================
Received Import Request.
  Time since last request: 0.693828 seconds.
  path: Assets/Cutscene/Ocean/Models/Metal_drum/drum.mat
  artifactKey: Guid(d3df275f4b81309478e4febafc3b5cb9) Importer(815301076,1909f56bfc062723c751e8b465ee728b)
Number of updated assets reloaded before import = 0
Start importing Assets/Cutscene/Ocean/Models/Metal_drum/drum.mat using Guid(d3df275f4b81309478e4febafc3b5cb9) Importer(815301076,1909f56bfc062723c751e8b465ee728b)  -> (artifact id: 'bae6816caa8384446954e465dbb3990f') in 0.118786 seconds 
Number of asset objects unloaded after import = 5
========================================================================
Received Import Request.
  Time since last request: 1.175215 seconds.
  path: Assets/Cutscene/RainThunder/Materials/Flame02_AB_2.mat
  artifactKey: Guid(6adc3f36cf95a8a41b4887cd0350238b) Importer(815301076,1909f56bfc062723c751e8b465ee728b)
Number of updated assets reloaded before import = 0
Start importing Assets/Cutscene/RainThunder/Materials/Flame02_AB_2.mat using Guid(6adc3f36cf95a8a41b4887cd0350238b) Importer(815301076,1909f56bfc062723c751e8b465ee728b)  -> (artifact id: 'b0ca8d46882d8881ab1d12e6313e4b55') in 0.040868 seconds 
Number of asset objects unloaded after import = 2
========================================================================
Received Import Request.
  Time since last request: 0.316842 seconds.
  path: Assets/Cutscene/RainThunder/Materials/Flare00_AB_2.mat
  artifactKey: Guid(0153253dee1c55945abc95d9be9e19df) Importer(815301076,1909f56bfc062723c751e8b465ee728b)
Number of updated assets reloaded before import = 0
Start importing Assets/Cutscene/RainThunder/Materials/Flare00_AB_2.mat using Guid(0153253dee1c55945abc95d9be9e19df) Importer(815301076,1909f56bfc062723c751e8b465ee728b)  -> (artifact id: '4a57892da1d45c02f285371ccee91ca2') in 0.036012 seconds 
Number of asset objects unloaded after import = 2
========================================================================
Received Prepare
Registering precompiled user dll's ...
Registered in 0.006481 seconds.
Begin MonoManager ReloadAssembly
Native extension for WindowsStandalone target not found
Refreshing native plugins compatible for Editor in 0.69 ms, found 3 plugins.
Preloading 0 native plugins for Editor in 0.00 ms.
[Package Manager] Server::EnsureServerProcessIsRunning -- launch failed, reason: Unity was launched with the -noUpm command-line argument
[Package Manager] Cannot connect to Unity Package Manager local server
Mono: successfully reloaded assembly
- Completed reload, in  1.353 seconds
Domain Reload Profiling:
	ReloadAssembly (1354ms)
		BeginReloadAssembly (151ms)
			ExecutionOrderSort (0ms)
			DisableScriptedObjects (5ms)
			BackupInstance (0ms)
			ReleaseScriptingObjects (0ms)
			CreateAndSetChildDomain (30ms)
		EndReloadAssembly (1105ms)
			LoadAssemblies (101ms)
			RebuildTransferFunctionScriptingTraits (0ms)
			SetupTypeCache (246ms)
			ReleaseScriptCaches (1ms)
			RebuildScriptCaches (41ms)
			SetupLoadedEditorAssemblies (701ms)
				LogAssemblyErrors (0ms)
				InitializePlatformSupportModulesInManaged (6ms)
				SetLoadedEditorAssemblies (1ms)
				RefreshPlugins (1ms)
				BeforeProcessingInitializeOnLoad (67ms)
				ProcessInitializeOnLoadAttributes (589ms)
				ProcessInitializeOnLoadMethodAttributes (27ms)
				AfterProcessingInitializeOnLoad (10ms)
				EditorAssembliesLoaded (0ms)
			ExecutionOrderSort2 (0ms)
			AwakeInstancesAfterBackupRestoration (8ms)
Platform modules already initialized, skipping
Refreshing native plugins compatible for Editor in 0.61 ms, found 3 plugins.
Preloading 0 native plugins for Editor in 0.00 ms.
Unloading 3130 Unused Serialized files (Serialized files now loaded: 0)
Unloading 21 unused Assets / (27.6 KB). Loaded Objects now: 3715.
Memory consumption went from 170.9 MB to 170.9 MB.
Total: 2.873400 ms (FindLiveObjects: 0.385900 ms CreateObjectMapping: 0.103700 ms MarkObjects: 2.333700 ms  DeleteObjects: 0.049200 ms)

AssetImportParameters requested are different than current active one (requested -> active):
  custom:video-decoder-ogg-theora: a1e56fd34408186e4bbccfd4996cb3dc -> 
  custom:container-muxer-webm: aa71ff27fc2769a1b78a27578f13a17b -> 
  custom:container-demuxer-webm: 4f35f7cbe854078d1ac9338744f61a02 -> 
  custom:video-encoder-webm-vp8: eb34c28f22e8b96e1ab97ce403110664 -> 
  custom:CustomObjectIndexerAttribute: bc11b3a6c3213fcdd17b65e7da85e133 -> 
  custom:audio-encoder-webm-vorbis: bf7c407c2cedff20999df2af8eb42d56 -> 
  custom:framework-win-MediaFoundation: 216162199b28c13a410421893ffa2e32 -> 
  custom:SearchIndexIgnoredProperties: e643bd26f0fe6173181afceb89e7c659 -> 
  custom:container-demuxer-ogg: 62fdf1f143b41e24485cea50d1cbac27 -> 
  custom:video-decoder-webm-vp8: 9c59270c3fd7afecdb556c50c9e8de78 -> 
  custom:audio-decoder-ogg-vorbis: bf7c407c2cedff20999df2af8eb42d56 -> 
========================================================================
Received Import Request.
  Time since last request: 287.434396 seconds.
  path: Assets/ithappy/Animals_FREE/Meshes/Tiger_001.fbx
  artifactKey: Guid(8739604ff156c91408e3f6352de03dbc) Importer(815301076,1909f56bfc062723c751e8b465ee728b)
Number of updated assets reloaded before import = 0
Start importing Assets/ithappy/Animals_FREE/Meshes/Tiger_001.fbx using Guid(8739604ff156c91408e3f6352de03dbc) Importer(815301076,1909f56bfc062723c751e8b465ee728b)  -> (artifact id: '91df059b8f1531d18e12cfe3bc04f0e2') in 0.109605 seconds 
Number of asset objects unloaded after import = 82
========================================================================
Received Import Request.
  Time since last request: 3.938527 seconds.
  path: Assets/Polygon-Lite Survival Collection/Models/SM_Large_Magazine_For_Army_Pistol_Empty.fbx
  artifactKey: Guid(e0c6bd01faa27d641885eceefda2b6b3) Importer(815301076,1909f56bfc062723c751e8b465ee728b)
Number of updated assets reloaded before import = 0
Start importing Assets/Polygon-Lite Survival Collection/Models/SM_Large_Magazine_For_Army_Pistol_Empty.fbx using Guid(e0c6bd01faa27d641885eceefda2b6b3) Importer(815301076,1909f56bfc062723c751e8b465ee728b)  -> (artifact id: 'acb90be6195b3563a1b04913e82e5fc7') in 0.050526 seconds 
Number of asset objects unloaded after import = 7
========================================================================
Received Import Request.
  Time since last request: 0.000021 seconds.
  path: Assets/Polygon-Lite Survival Collection/Models/SM_HOOK_FOR_Fishing_Rod_02.fbx
  artifactKey: Guid(ff5607038b4f5e5448b74feeef946c57) Importer(815301076,1909f56bfc062723c751e8b465ee728b)
Number of updated assets reloaded before import = 0
Start importing Assets/Polygon-Lite Survival Collection/Models/SM_HOOK_FOR_Fishing_Rod_02.fbx using Guid(ff5607038b4f5e5448b74feeef946c57) Importer(815301076,1909f56bfc062723c751e8b465ee728b)  -> (artifact id: '2c05d61d181915cd84df24ac391cae66') in 0.048595 seconds 
Number of asset objects unloaded after import = 44
========================================================================
Received Import Request.
  Time since last request: 0.000018 seconds.
  path: Assets/Polygon-Lite Survival Collection/Models/SM_Chuck_Pistol_Box_9.19.fbx
  artifactKey: Guid(b71555625692ea44e903fd664219c770) Importer(815301076,1909f56bfc062723c751e8b465ee728b)
Number of updated assets reloaded before import = 0
Start importing Assets/Polygon-Lite Survival Collection/Models/SM_Chuck_Pistol_Box_9.19.fbx using Guid(b71555625692ea44e903fd664219c770) Importer(815301076,1909f56bfc062723c751e8b465ee728b)  -> (artifact id: '8cea911153ec86d2e8b4c159f3ff8565') in 0.037093 seconds 
Number of asset objects unloaded after import = 7
========================================================================
Received Import Request.
  Time since last request: 0.021687 seconds.
  path: Assets/Polygon-Lite Survival Collection/Models/SM_CEMENT_01.fbx
  artifactKey: Guid(93f15df65e3899543be6630b3c527a07) Importer(815301076,1909f56bfc062723c751e8b465ee728b)
Number of updated assets reloaded before import = 0
Start importing Assets/Polygon-Lite Survival Collection/Models/SM_CEMENT_01.fbx using Guid(93f15df65e3899543be6630b3c527a07) Importer(815301076,1909f56bfc062723c751e8b465ee728b)  -> (artifact id: '9cdbef209d98880177d3d33da9b53280') in 0.023016 seconds 
Number of asset objects unloaded after import = 7
========================================================================
Received Import Request.
  Time since last request: 0.459655 seconds.
  path: Assets/Polygon-Lite Survival Collection/Models/SM_Cartridges_9.19.fbx
  artifactKey: Guid(f39cf7bb174f03f49b34f4af4d06cebe) Importer(815301076,1909f56bfc062723c751e8b465ee728b)
Number of updated assets reloaded before import = 0
Start importing Assets/Polygon-Lite Survival Collection/Models/SM_Cartridges_9.19.fbx using Guid(f39cf7bb174f03f49b34f4af4d06cebe) Importer(815301076,1909f56bfc062723c751e8b465ee728b)  -> (artifact id: '6ec3c93823ff015287099b9b074654ad') in 0.043306 seconds 
Number of asset objects unloaded after import = 7
========================================================================
Received Import Request.
  Time since last request: 1.813254 seconds.
  path: Assets/Polygon-Lite Survival Collection/Models/Pan.fbx
  artifactKey: Guid(437d238391a5cc14f8d1f9d229af4592) Importer(815301076,1909f56bfc062723c751e8b465ee728b)
Number of updated assets reloaded before import = 0
Start importing Assets/Polygon-Lite Survival Collection/Models/Pan.fbx using Guid(437d238391a5cc14f8d1f9d229af4592) Importer(815301076,1909f56bfc062723c751e8b465ee728b)  -> (artifact id: '23c6ff092e9488501191a40fdbc90724') in 0.045521 seconds 
Number of asset objects unloaded after import = 7
========================================================================
Received Import Request.
  Time since last request: 0.000018 seconds.
  path: Assets/Cutscene/RainThunder/Models/Mountains01.fbx
  artifactKey: Guid(7d7b1b4c62dbbe4459d4b39b1e805e83) Importer(815301076,1909f56bfc062723c751e8b465ee728b)
Number of updated assets reloaded before import = 0
Start importing Assets/Cutscene/RainThunder/Models/Mountains01.fbx using Guid(7d7b1b4c62dbbe4459d4b39b1e805e83) Importer(815301076,1909f56bfc062723c751e8b465ee728b)  -> (artifact id: '89787333aace921df426e00dedd7c5f9') in 0.048236 seconds 
Number of asset objects unloaded after import = 19
========================================================================
Received Import Request.
  Time since last request: 213.259571 seconds.
  path: Assets/New Material 2.mat
  artifactKey: Guid(614ec6dcc4cc81d4191b730c5247c923) Importer(815301076,1909f56bfc062723c751e8b465ee728b)
Number of updated assets reloaded before import = 0
Start importing Assets/New Material 2.mat using Guid(614ec6dcc4cc81d4191b730c5247c923) Importer(815301076,1909f56bfc062723c751e8b465ee728b)  -> (artifact id: '581fbea4030e551e759fd01a9f2d2023') in 0.035853 seconds 
Number of asset objects unloaded after import = 1
========================================================================
Received Import Request.
  Time since last request: 3.942080 seconds.
  path: Assets/Cutscene/Ocean/Shaders/WaterToolBox.cginc
  artifactKey: Guid(ce34e924462c00949bc89cc8a01b3d47) Importer(815301076,1909f56bfc062723c751e8b465ee728b)
Number of updated assets reloaded before import = 0
Start importing Assets/Cutscene/Ocean/Shaders/WaterToolBox.cginc using Guid(ce34e924462c00949bc89cc8a01b3d47) Importer(815301076,1909f56bfc062723c751e8b465ee728b)  -> (artifact id: 'e46adc182c48ee99808652416c353a30') in 0.017883 seconds 
Number of asset objects unloaded after import = 1
========================================================================
Received Prepare
Registering precompiled user dll's ...
Registered in 0.007281 seconds.
Begin MonoManager ReloadAssembly
Native extension for WindowsStandalone target not found
Refreshing native plugins compatible for Editor in 0.78 ms, found 3 plugins.
Preloading 0 native plugins for Editor in 0.00 ms.
[Package Manager] Server::EnsureServerProcessIsRunning -- launch failed, reason: Unity was launched with the -noUpm command-line argument
[Package Manager] Cannot connect to Unity Package Manager local server
Mono: successfully reloaded assembly
- Completed reload, in  1.487 seconds
Domain Reload Profiling:
	ReloadAssembly (1487ms)
		BeginReloadAssembly (162ms)
			ExecutionOrderSort (0ms)
			DisableScriptedObjects (6ms)
			BackupInstance (0ms)
			ReleaseScriptingObjects (0ms)
			CreateAndSetChildDomain (34ms)
		EndReloadAssembly (1211ms)
			LoadAssemblies (111ms)
			RebuildTransferFunctionScriptingTraits (0ms)
			SetupTypeCache (287ms)
			ReleaseScriptCaches (1ms)
			RebuildScriptCaches (46ms)
			SetupLoadedEditorAssemblies (742ms)
				LogAssemblyErrors (0ms)
				InitializePlatformSupportModulesInManaged (7ms)
				SetLoadedEditorAssemblies (1ms)
				RefreshPlugins (1ms)
				BeforeProcessingInitializeOnLoad (75ms)
				ProcessInitializeOnLoadAttributes (620ms)
				ProcessInitializeOnLoadMethodAttributes (29ms)
				AfterProcessingInitializeOnLoad (10ms)
				EditorAssembliesLoaded (0ms)
			ExecutionOrderSort2 (0ms)
			AwakeInstancesAfterBackupRestoration (8ms)
Platform modules already initialized, skipping
Refreshing native plugins compatible for Editor in 0.63 ms, found 3 plugins.
Preloading 0 native plugins for Editor in 0.00 ms.
Unloading 3130 Unused Serialized files (Serialized files now loaded: 0)
Unloading 21 unused Assets / (27.7 KB). Loaded Objects now: 3718.
Memory consumption went from 171.0 MB to 171.0 MB.
Total: 3.209900 ms (FindLiveObjects: 0.534100 ms CreateObjectMapping: 0.147100 ms MarkObjects: 2.451500 ms  DeleteObjects: 0.075800 ms)

AssetImportParameters requested are different than current active one (requested -> active):
  custom:video-decoder-ogg-theora: a1e56fd34408186e4bbccfd4996cb3dc -> 
  custom:container-muxer-webm: aa71ff27fc2769a1b78a27578f13a17b -> 
  custom:container-demuxer-webm: 4f35f7cbe854078d1ac9338744f61a02 -> 
  custom:video-encoder-webm-vp8: eb34c28f22e8b96e1ab97ce403110664 -> 
  custom:CustomObjectIndexerAttribute: bc11b3a6c3213fcdd17b65e7da85e133 -> 
  custom:audio-encoder-webm-vorbis: bf7c407c2cedff20999df2af8eb42d56 -> 
  custom:framework-win-MediaFoundation: 216162199b28c13a410421893ffa2e32 -> 
  custom:SearchIndexIgnoredProperties: e643bd26f0fe6173181afceb89e7c659 -> 
  custom:container-demuxer-ogg: 62fdf1f143b41e24485cea50d1cbac27 -> 
  custom:video-decoder-webm-vp8: 9c59270c3fd7afecdb556c50c9e8de78 -> 
  custom:audio-decoder-ogg-vorbis: bf7c407c2cedff20999df2af8eb42d56 -> 
========================================================================
Received Prepare
Registering precompiled user dll's ...
Registered in 0.005945 seconds.
Begin MonoManager ReloadAssembly
Native extension for WindowsStandalone target not found
Refreshing native plugins compatible for Editor in 0.72 ms, found 3 plugins.
Preloading 0 native plugins for Editor in 0.00 ms.
[Package Manager] Server::EnsureServerProcessIsRunning -- launch failed, reason: Unity was launched with the -noUpm command-line argument
[Package Manager] Cannot connect to Unity Package Manager local server
Mono: successfully reloaded assembly
- Completed reload, in  1.498 seconds
Domain Reload Profiling:
	ReloadAssembly (1499ms)
		BeginReloadAssembly (177ms)
			ExecutionOrderSort (0ms)
			DisableScriptedObjects (7ms)
			BackupInstance (0ms)
			ReleaseScriptingObjects (0ms)
			CreateAndSetChildDomain (34ms)
		EndReloadAssembly (1207ms)
			LoadAssemblies (119ms)
			RebuildTransferFunctionScriptingTraits (0ms)
			SetupTypeCache (281ms)
			ReleaseScriptCaches (1ms)
			RebuildScriptCaches (47ms)
			SetupLoadedEditorAssemblies (745ms)
				LogAssemblyErrors (0ms)
				InitializePlatformSupportModulesInManaged (7ms)
				SetLoadedEditorAssemblies (1ms)
				RefreshPlugins (1ms)
				BeforeProcessingInitializeOnLoad (75ms)
				ProcessInitializeOnLoadAttributes (622ms)
				ProcessInitializeOnLoadMethodAttributes (30ms)
				AfterProcessingInitializeOnLoad (10ms)
				EditorAssembliesLoaded (0ms)
			ExecutionOrderSort2 (0ms)
			AwakeInstancesAfterBackupRestoration (9ms)
Platform modules already initialized, skipping
Refreshing native plugins compatible for Editor in 0.65 ms, found 3 plugins.
Preloading 0 native plugins for Editor in 0.00 ms.
Unloading 3130 Unused Serialized files (Serialized files now loaded: 0)
Unloading 21 unused Assets / (27.7 KB). Loaded Objects now: 3721.
Memory consumption went from 171.0 MB to 171.0 MB.
Total: 2.906000 ms (FindLiveObjects: 0.458000 ms CreateObjectMapping: 0.096500 ms MarkObjects: 2.304000 ms  DeleteObjects: 0.045600 ms)

AssetImportParameters requested are different than current active one (requested -> active):
  custom:video-decoder-ogg-theora: a1e56fd34408186e4bbccfd4996cb3dc -> 
  custom:container-muxer-webm: aa71ff27fc2769a1b78a27578f13a17b -> 
  custom:container-demuxer-webm: 4f35f7cbe854078d1ac9338744f61a02 -> 
  custom:video-encoder-webm-vp8: eb34c28f22e8b96e1ab97ce403110664 -> 
  custom:CustomObjectIndexerAttribute: bc11b3a6c3213fcdd17b65e7da85e133 -> 
  custom:audio-encoder-webm-vorbis: bf7c407c2cedff20999df2af8eb42d56 -> 
  custom:framework-win-MediaFoundation: 216162199b28c13a410421893ffa2e32 -> 
  custom:SearchIndexIgnoredProperties: e643bd26f0fe6173181afceb89e7c659 -> 
  custom:container-demuxer-ogg: 62fdf1f143b41e24485cea50d1cbac27 -> 
  custom:video-decoder-webm-vp8: 9c59270c3fd7afecdb556c50c9e8de78 -> 
  custom:audio-decoder-ogg-vorbis: bf7c407c2cedff20999df2af8eb42d56 -> 
========================================================================
Received Prepare
Registering precompiled user dll's ...
Registered in 0.008106 seconds.
Begin MonoManager ReloadAssembly
Native extension for WindowsStandalone target not found
Refreshing native plugins compatible for Editor in 0.79 ms, found 3 plugins.
Preloading 0 native plugins for Editor in 0.00 ms.
[Package Manager] Server::EnsureServerProcessIsRunning -- launch failed, reason: Unity was launched with the -noUpm command-line argument
[Package Manager] Cannot connect to Unity Package Manager local server
Mono: successfully reloaded assembly
- Completed reload, in  1.545 seconds
Domain Reload Profiling:
	ReloadAssembly (1546ms)
		BeginReloadAssembly (180ms)
			ExecutionOrderSort (0ms)
			DisableScriptedObjects (8ms)
			BackupInstance (0ms)
			ReleaseScriptingObjects (0ms)
			CreateAndSetChildDomain (34ms)
		EndReloadAssembly (1245ms)
			LoadAssemblies (127ms)
			RebuildTransferFunctionScriptingTraits (0ms)
			SetupTypeCache (291ms)
			ReleaseScriptCaches (1ms)
			RebuildScriptCaches (48ms)
			SetupLoadedEditorAssemblies (764ms)
				LogAssemblyErrors (0ms)
				InitializePlatformSupportModulesInManaged (8ms)
				SetLoadedEditorAssemblies (1ms)
				RefreshPlugins (1ms)
				BeforeProcessingInitializeOnLoad (80ms)
				ProcessInitializeOnLoadAttributes (633ms)
				ProcessInitializeOnLoadMethodAttributes (30ms)
				AfterProcessingInitializeOnLoad (12ms)
				EditorAssembliesLoaded (0ms)
			ExecutionOrderSort2 (0ms)
			AwakeInstancesAfterBackupRestoration (9ms)
Platform modules already initialized, skipping
Refreshing native plugins compatible for Editor in 0.63 ms, found 3 plugins.
Preloading 0 native plugins for Editor in 0.00 ms.
Unloading 3130 Unused Serialized files (Serialized files now loaded: 0)
Unloading 21 unused Assets / (27.6 KB). Loaded Objects now: 3724.
Memory consumption went from 171.0 MB to 171.0 MB.
Total: 1.729800 ms (FindLiveObjects: 0.212800 ms CreateObjectMapping: 0.058700 ms MarkObjects: 1.425300 ms  DeleteObjects: 0.032200 ms)

AssetImportParameters requested are different than current active one (requested -> active):
  custom:video-decoder-ogg-theora: a1e56fd34408186e4bbccfd4996cb3dc -> 
  custom:container-muxer-webm: aa71ff27fc2769a1b78a27578f13a17b -> 
  custom:container-demuxer-webm: 4f35f7cbe854078d1ac9338744f61a02 -> 
  custom:video-encoder-webm-vp8: eb34c28f22e8b96e1ab97ce403110664 -> 
  custom:CustomObjectIndexerAttribute: bc11b3a6c3213fcdd17b65e7da85e133 -> 
  custom:audio-encoder-webm-vorbis: bf7c407c2cedff20999df2af8eb42d56 -> 
  custom:framework-win-MediaFoundation: 216162199b28c13a410421893ffa2e32 -> 
  custom:SearchIndexIgnoredProperties: e643bd26f0fe6173181afceb89e7c659 -> 
  custom:container-demuxer-ogg: 62fdf1f143b41e24485cea50d1cbac27 -> 
  custom:video-decoder-webm-vp8: 9c59270c3fd7afecdb556c50c9e8de78 -> 
  custom:audio-decoder-ogg-vorbis: bf7c407c2cedff20999df2af8eb42d56 -> 
========================================================================
Received Prepare
Registering precompiled user dll's ...
Registered in 0.007444 seconds.
Begin MonoManager ReloadAssembly
Native extension for WindowsStandalone target not found
Refreshing native plugins compatible for Editor in 0.57 ms, found 3 plugins.
Preloading 0 native plugins for Editor in 0.00 ms.
[Package Manager] Server::EnsureServerProcessIsRunning -- launch failed, reason: Unity was launched with the -noUpm command-line argument
[Package Manager] Cannot connect to Unity Package Manager local server
Mono: successfully reloaded assembly
- Completed reload, in  1.503 seconds
Domain Reload Profiling:
	ReloadAssembly (1504ms)
		BeginReloadAssembly (178ms)
			ExecutionOrderSort (0ms)
			DisableScriptedObjects (8ms)
			BackupInstance (0ms)
			ReleaseScriptingObjects (0ms)
			CreateAndSetChildDomain (33ms)
		EndReloadAssembly (1210ms)
			LoadAssemblies (122ms)
			RebuildTransferFunctionScriptingTraits (0ms)
			SetupTypeCache (281ms)
			ReleaseScriptCaches (1ms)
			RebuildScriptCaches (46ms)
			SetupLoadedEditorAssemblies (738ms)
				LogAssemblyErrors (0ms)
				InitializePlatformSupportModulesInManaged (7ms)
				SetLoadedEditorAssemblies (1ms)
				RefreshPlugins (1ms)
				BeforeProcessingInitializeOnLoad (74ms)
				ProcessInitializeOnLoadAttributes (617ms)
				ProcessInitializeOnLoadMethodAttributes (29ms)
				AfterProcessingInitializeOnLoad (10ms)
				EditorAssembliesLoaded (0ms)
			ExecutionOrderSort2 (0ms)
			AwakeInstancesAfterBackupRestoration (8ms)
Platform modules already initialized, skipping
Refreshing native plugins compatible for Editor in 0.75 ms, found 3 plugins.
Preloading 0 native plugins for Editor in 0.00 ms.
Unloading 3130 Unused Serialized files (Serialized files now loaded: 0)
Unloading 21 unused Assets / (27.7 KB). Loaded Objects now: 3727.
Memory consumption went from 171.0 MB to 171.0 MB.
Total: 2.884000 ms (FindLiveObjects: 0.502400 ms CreateObjectMapping: 0.122900 ms MarkObjects: 2.204300 ms  DeleteObjects: 0.052900 ms)

AssetImportParameters requested are different than current active one (requested -> active):
  custom:video-decoder-ogg-theora: a1e56fd34408186e4bbccfd4996cb3dc -> 
  custom:container-muxer-webm: aa71ff27fc2769a1b78a27578f13a17b -> 
  custom:container-demuxer-webm: 4f35f7cbe854078d1ac9338744f61a02 -> 
  custom:video-encoder-webm-vp8: eb34c28f22e8b96e1ab97ce403110664 -> 
  custom:CustomObjectIndexerAttribute: bc11b3a6c3213fcdd17b65e7da85e133 -> 
  custom:audio-encoder-webm-vorbis: bf7c407c2cedff20999df2af8eb42d56 -> 
  custom:framework-win-MediaFoundation: 216162199b28c13a410421893ffa2e32 -> 
  custom:SearchIndexIgnoredProperties: e643bd26f0fe6173181afceb89e7c659 -> 
  custom:container-demuxer-ogg: 62fdf1f143b41e24485cea50d1cbac27 -> 
  custom:video-decoder-webm-vp8: 9c59270c3fd7afecdb556c50c9e8de78 -> 
  custom:audio-decoder-ogg-vorbis: bf7c407c2cedff20999df2af8eb42d56 -> 
========================================================================
Received Import Request.
  Time since last request: 1291.633435 seconds.
  path: Assets/Characters/Vexen/New Material.mat
  artifactKey: Guid(1fb830160d24ab74ebd0eb8b8055dbaa) Importer(815301076,1909f56bfc062723c751e8b465ee728b)
Number of updated assets reloaded before import = 0
Start importing Assets/Characters/Vexen/New Material.mat using Guid(1fb830160d24ab74ebd0eb8b8055dbaa) Importer(815301076,1909f56bfc062723c751e8b465ee728b)  -> (artifact id: '9fe72b92fdc37810a03a0ca404952906') in 0.090801 seconds 
Number of asset objects unloaded after import = 1
